Reading netlist file: "C:\Users\gusta\OneDrive\Documentos\Projetos_Quartus\telinha_labirinto\impl\gwsynthesis\telinha_labirinto.vg"
Parsing netlist file "C:\Users\gusta\OneDrive\Documentos\Projetos_Quartus\telinha_labirinto\impl\gwsynthesis\telinha_labirinto.vg" completed
WARN  (PA1001) : Dangling net 'lock_o'(source:'rpll_inst') in module 'Gowin_rPLL' has no destination
WARN  (PA1001) : Dangling net 'clkoutp_o'(source:'rpll_inst') in module 'Gowin_rPLL' has no destination
WARN  (PA1001) : Dangling net 'clkoutd_o'(source:'rpll_inst') in module 'Gowin_rPLL' has no destination
WARN  (PA1001) : Dangling net 'clkoutd3_o'(source:'rpll_inst') in module 'Gowin_rPLL' has no destination
WARN  (PA1001) : Dangling net 'CASO[0]'(source:'add_636_s4') in module 'memoria_para_display' has no destination
WARN  (PA1001) : Dangling net 'CASO[1]'(source:'add_636_s4') in module 'memoria_para_display' has no destination
WARN  (PA1001) : Dangling net 'CASO[2]'(source:'add_636_s4') in module 'memoria_para_display' has no destination
WARN  (PA1001) : Dangling net 'CASO[3]'(source:'add_636_s4') in module 'memoria_para_display' has no destination
WARN  (PA1001) : Dangling net 'CASO[4]'(source:'add_636_s4') in module 'memoria_para_display' has no destination
WARN  (PA1001) : Dangling net 'CASO[5]'(source:'add_636_s4') in module 'memoria_para_display' has no destination
WARN  (PA1001) : Dangling net 'CASO[6]'(source:'add_636_s4') in module 'memoria_para_display' has no destination
WARN  (PA1001) : Dangling net 'CASO[7]'(source:'add_636_s4') in module 'memoria_para_display' has no destination
WARN  (PA1001) : Dangling net 'CASO[8]'(source:'add_636_s4') in module 'memoria_para_display' has no destination
WARN  (PA1001) : Dangling net 'CASO[9]'(source:'add_636_s4') in module 'memoria_para_display' has no destination
WARN  (PA1001) : Dangling net 'CASO[10]'(source:'add_636_s4') in module 'memoria_para_display' has no destination
WARN  (PA1001) : Dangling net 'CASO[11]'(source:'add_636_s4') in module 'memoria_para_display' has no destination
WARN  (PA1001) : Dangling net 'CASO[12]'(source:'add_636_s4') in module 'memoria_para_display' has no destination
WARN  (PA1001) : Dangling net 'CASO[13]'(source:'add_636_s4') in module 'memoria_para_display' has no destination
WARN  (PA1001) : Dangling net 'CASO[14]'(source:'add_636_s4') in module 'memoria_para_display' has no destination
WARN  (PA1001) : Dangling net 'CASO[15]'(source:'add_636_s4') in module 'memoria_para_display' has no destination
WARN  (PA1001) : Dangling net 'CASO[16]'(source:'add_636_s4') in module 'memoria_para_display' has no destination
WARN  (PA1001) : Dangling net 'CASO[17]'(source:'add_636_s4') in module 'memoria_para_display' has no destination
WARN  (PA1001) : Dangling net 'CASO[18]'(source:'add_636_s4') in module 'memoria_para_display' has no destination
WARN  (PA1001) : Dangling net 'CASO[19]'(source:'add_636_s4') in module 'memoria_para_display' has no destination
WARN  (PA1001) : Dangling net 'CASO[20]'(source:'add_636_s4') in module 'memoria_para_display' has no destination
WARN  (PA1001) : Dangling net 'CASO[21]'(source:'add_636_s4') in module 'memoria_para_display' has no destination
WARN  (PA1001) : Dangling net 'CASO[22]'(source:'add_636_s4') in module 'memoria_para_display' has no destination
WARN  (PA1001) : Dangling net 'CASO[23]'(source:'add_636_s4') in module 'memoria_para_display' has no destination
WARN  (PA1001) : Dangling net 'CASO[24]'(source:'add_636_s4') in module 'memoria_para_display' has no destination
WARN  (PA1001) : Dangling net 'CASO[25]'(source:'add_636_s4') in module 'memoria_para_display' has no destination
WARN  (PA1001) : Dangling net 'CASO[26]'(source:'add_636_s4') in module 'memoria_para_display' has no destination
WARN  (PA1001) : Dangling net 'CASO[27]'(source:'add_636_s4') in module 'memoria_para_display' has no destination
WARN  (PA1001) : Dangling net 'CASO[28]'(source:'add_636_s4') in module 'memoria_para_display' has no destination
WARN  (PA1001) : Dangling net 'CASO[29]'(source:'add_636_s4') in module 'memoria_para_display' has no destination
WARN  (PA1001) : Dangling net 'CASO[30]'(source:'add_636_s4') in module 'memoria_para_display' has no destination
WARN  (PA1001) : Dangling net 'CASO[31]'(source:'add_636_s4') in module 'memoria_para_display' has no destination
WARN  (PA1001) : Dangling net 'CASO[32]'(source:'add_636_s4') in module 'memoria_para_display' has no destination
WARN  (PA1001) : Dangling net 'CASO[33]'(source:'add_636_s4') in module 'memoria_para_display' has no destination
WARN  (PA1001) : Dangling net 'CASO[34]'(source:'add_636_s4') in module 'memoria_para_display' has no destination
WARN  (PA1001) : Dangling net 'CASO[35]'(source:'add_636_s4') in module 'memoria_para_display' has no destination
WARN  (PA1001) : Dangling net 'CASO[36]'(source:'add_636_s4') in module 'memoria_para_display' has no destination
WARN  (PA1001) : Dangling net 'CASO[37]'(source:'add_636_s4') in module 'memoria_para_display' has no destination
WARN  (PA1001) : Dangling net 'CASO[38]'(source:'add_636_s4') in module 'memoria_para_display' has no destination
WARN  (PA1001) : Dangling net 'CASO[39]'(source:'add_636_s4') in module 'memoria_para_display' has no destination
WARN  (PA1001) : Dangling net 'CASO[40]'(source:'add_636_s4') in module 'memoria_para_display' has no destination
WARN  (PA1001) : Dangling net 'CASO[41]'(source:'add_636_s4') in module 'memoria_para_display' has no destination
WARN  (PA1001) : Dangling net 'CASO[42]'(source:'add_636_s4') in module 'memoria_para_display' has no destination
WARN  (PA1001) : Dangling net 'CASO[43]'(source:'add_636_s4') in module 'memoria_para_display' has no destination
WARN  (PA1001) : Dangling net 'CASO[44]'(source:'add_636_s4') in module 'memoria_para_display' has no destination
WARN  (PA1001) : Dangling net 'CASO[45]'(source:'add_636_s4') in module 'memoria_para_display' has no destination
WARN  (PA1001) : Dangling net 'CASO[46]'(source:'add_636_s4') in module 'memoria_para_display' has no destination
WARN  (PA1001) : Dangling net 'CASO[47]'(source:'add_636_s4') in module 'memoria_para_display' has no destination
WARN  (PA1001) : Dangling net 'CASO[48]'(source:'add_636_s4') in module 'memoria_para_display' has no destination
WARN  (PA1001) : Dangling net 'CASO[49]'(source:'add_636_s4') in module 'memoria_para_display' has no destination
WARN  (PA1001) : Dangling net 'CASO[50]'(source:'add_636_s4') in module 'memoria_para_display' has no destination
WARN  (PA1001) : Dangling net 'CASO[51]'(source:'add_636_s4') in module 'memoria_para_display' has no destination
WARN  (PA1001) : Dangling net 'CASO[52]'(source:'add_636_s4') in module 'memoria_para_display' has no destination
WARN  (PA1001) : Dangling net 'CASO[53]'(source:'add_636_s4') in module 'memoria_para_display' has no destination
WARN  (PA1001) : Dangling net 'CASO[54]'(source:'add_636_s4') in module 'memoria_para_display' has no destination
WARN  (PA1001) : Dangling net 'SOA[0]'(source:'add_636_s4') in module 'memoria_para_display' has no destination
WARN  (PA1001) : Dangling net 'SOA[1]'(source:'add_636_s4') in module 'memoria_para_display' has no destination
WARN  (PA1001) : Dangling net 'SOA[2]'(source:'add_636_s4') in module 'memoria_para_display' has no destination
WARN  (PA1001) : Dangling net 'SOA[3]'(source:'add_636_s4') in module 'memoria_para_display' has no destination
WARN  (PA1001) : Dangling net 'SOA[4]'(source:'add_636_s4') in module 'memoria_para_display' has no destination
WARN  (PA1001) : Dangling net 'SOA[5]'(source:'add_636_s4') in module 'memoria_para_display' has no destination
WARN  (PA1001) : Dangling net 'SOA[6]'(source:'add_636_s4') in module 'memoria_para_display' has no destination
WARN  (PA1001) : Dangling net 'SOA[7]'(source:'add_636_s4') in module 'memoria_para_display' has no destination
WARN  (PA1001) : Dangling net 'SOA[8]'(source:'add_636_s4') in module 'memoria_para_display' has no destination
WARN  (PA1001) : Dangling net 'SOA[9]'(source:'add_636_s4') in module 'memoria_para_display' has no destination
WARN  (PA1001) : Dangling net 'SOA[10]'(source:'add_636_s4') in module 'memoria_para_display' has no destination
WARN  (PA1001) : Dangling net 'SOA[11]'(source:'add_636_s4') in module 'memoria_para_display' has no destination
WARN  (PA1001) : Dangling net 'SOA[12]'(source:'add_636_s4') in module 'memoria_para_display' has no destination
WARN  (PA1001) : Dangling net 'SOA[13]'(source:'add_636_s4') in module 'memoria_para_display' has no destination
WARN  (PA1001) : Dangling net 'SOA[14]'(source:'add_636_s4') in module 'memoria_para_display' has no destination
WARN  (PA1001) : Dangling net 'SOA[15]'(source:'add_636_s4') in module 'memoria_para_display' has no destination
WARN  (PA1001) : Dangling net 'SOA[16]'(source:'add_636_s4') in module 'memoria_para_display' has no destination
WARN  (PA1001) : Dangling net 'SOA[17]'(source:'add_636_s4') in module 'memoria_para_display' has no destination
WARN  (PA1001) : Dangling net 'SOB[0]'(source:'add_636_s4') in module 'memoria_para_display' has no destination
WARN  (PA1001) : Dangling net 'SOB[1]'(source:'add_636_s4') in module 'memoria_para_display' has no destination
WARN  (PA1001) : Dangling net 'SOB[2]'(source:'add_636_s4') in module 'memoria_para_display' has no destination
WARN  (PA1001) : Dangling net 'SOB[3]'(source:'add_636_s4') in module 'memoria_para_display' has no destination
WARN  (PA1001) : Dangling net 'SOB[4]'(source:'add_636_s4') in module 'memoria_para_display' has no destination
WARN  (PA1001) : Dangling net 'SOB[5]'(source:'add_636_s4') in module 'memoria_para_display' has no destination
WARN  (PA1001) : Dangling net 'SOB[6]'(source:'add_636_s4') in module 'memoria_para_display' has no destination
WARN  (PA1001) : Dangling net 'SOB[7]'(source:'add_636_s4') in module 'memoria_para_display' has no destination
WARN  (PA1001) : Dangling net 'SOB[8]'(source:'add_636_s4') in module 'memoria_para_display' has no destination
WARN  (PA1001) : Dangling net 'SOB[9]'(source:'add_636_s4') in module 'memoria_para_display' has no destination
WARN  (PA1001) : Dangling net 'SOB[10]'(source:'add_636_s4') in module 'memoria_para_display' has no destination
WARN  (PA1001) : Dangling net 'SOB[11]'(source:'add_636_s4') in module 'memoria_para_display' has no destination
WARN  (PA1001) : Dangling net 'SOB[12]'(source:'add_636_s4') in module 'memoria_para_display' has no destination
WARN  (PA1001) : Dangling net 'SOB[13]'(source:'add_636_s4') in module 'memoria_para_display' has no destination
WARN  (PA1001) : Dangling net 'SOB[14]'(source:'add_636_s4') in module 'memoria_para_display' has no destination
WARN  (PA1001) : Dangling net 'SOB[15]'(source:'add_636_s4') in module 'memoria_para_display' has no destination
WARN  (PA1001) : Dangling net 'SOB[16]'(source:'add_636_s4') in module 'memoria_para_display' has no destination
WARN  (PA1001) : Dangling net 'SOB[17]'(source:'add_636_s4') in module 'memoria_para_display' has no destination
WARN  (PA1001) : Dangling net 'DOUT[15]'(source:'add_636_s4') in module 'memoria_para_display' has no destination
WARN  (PA1001) : Dangling net 'DOUT[16]'(source:'add_636_s4') in module 'memoria_para_display' has no destination
WARN  (PA1001) : Dangling net 'DOUT[17]'(source:'add_636_s4') in module 'memoria_para_display' has no destination
WARN  (PA1001) : Dangling net 'DOUT[18]'(source:'add_636_s4') in module 'memoria_para_display' has no destination
WARN  (PA1001) : Dangling net 'DOUT[19]'(source:'add_636_s4') in module 'memoria_para_display' has no destination
WARN  (PA1001) : Dangling net 'DOUT[20]'(source:'add_636_s4') in module 'memoria_para_display' has no destination
WARN  (PA1001) : Dangling net 'DOUT[21]'(source:'add_636_s4') in module 'memoria_para_display' has no destination
WARN  (PA1001) : Dangling net 'DOUT[22]'(source:'add_636_s4') in module 'memoria_para_display' has no destination
WARN  (PA1001) : Dangling net 'DOUT[23]'(source:'add_636_s4') in module 'memoria_para_display' has no destination
WARN  (PA1001) : Dangling net 'DOUT[24]'(source:'add_636_s4') in module 'memoria_para_display' has no destination
WARN  (PA1001) : Dangling net 'DOUT[25]'(source:'add_636_s4') in module 'memoria_para_display' has no destination
WARN  (PA1001) : Dangling net 'DOUT[26]'(source:'add_636_s4') in module 'memoria_para_display' has no destination
WARN  (PA1001) : Dangling net 'DOUT[27]'(source:'add_636_s4') in module 'memoria_para_display' has no destination
WARN  (PA1001) : Dangling net 'DOUT[28]'(source:'add_636_s4') in module 'memoria_para_display' has no destination
WARN  (PA1001) : Dangling net 'DOUT[29]'(source:'add_636_s4') in module 'memoria_para_display' has no destination
WARN  (PA1001) : Dangling net 'DOUT[30]'(source:'add_636_s4') in module 'memoria_para_display' has no destination
WARN  (PA1001) : Dangling net 'DOUT[31]'(source:'add_636_s4') in module 'memoria_para_display' has no destination
WARN  (PA1001) : Dangling net 'DOUT[32]'(source:'add_636_s4') in module 'memoria_para_display' has no destination
WARN  (PA1001) : Dangling net 'DOUT[33]'(source:'add_636_s4') in module 'memoria_para_display' has no destination
WARN  (PA1001) : Dangling net 'DOUT[34]'(source:'add_636_s4') in module 'memoria_para_display' has no destination
WARN  (PA1001) : Dangling net 'DOUT[35]'(source:'add_636_s4') in module 'memoria_para_display' has no destination
WARN  (PA1001) : Dangling net 'DOUT[36]'(source:'add_636_s4') in module 'memoria_para_display' has no destination
WARN  (PA1001) : Dangling net 'DOUT[37]'(source:'add_636_s4') in module 'memoria_para_display' has no destination
WARN  (PA1001) : Dangling net 'DOUT[38]'(source:'add_636_s4') in module 'memoria_para_display' has no destination
WARN  (PA1001) : Dangling net 'DOUT[39]'(source:'add_636_s4') in module 'memoria_para_display' has no destination
WARN  (PA1001) : Dangling net 'DOUT[40]'(source:'add_636_s4') in module 'memoria_para_display' has no destination
WARN  (PA1001) : Dangling net 'DOUT[41]'(source:'add_636_s4') in module 'memoria_para_display' has no destination
WARN  (PA1001) : Dangling net 'DOUT[42]'(source:'add_636_s4') in module 'memoria_para_display' has no destination
WARN  (PA1001) : Dangling net 'DOUT[43]'(source:'add_636_s4') in module 'memoria_para_display' has no destination
WARN  (PA1001) : Dangling net 'DOUT[44]'(source:'add_636_s4') in module 'memoria_para_display' has no destination
WARN  (PA1001) : Dangling net 'DOUT[45]'(source:'add_636_s4') in module 'memoria_para_display' has no destination
WARN  (PA1001) : Dangling net 'DOUT[46]'(source:'add_636_s4') in module 'memoria_para_display' has no destination
WARN  (PA1001) : Dangling net 'DOUT[47]'(source:'add_636_s4') in module 'memoria_para_display' has no destination
WARN  (PA1001) : Dangling net 'DOUT[48]'(source:'add_636_s4') in module 'memoria_para_display' has no destination
WARN  (PA1001) : Dangling net 'DOUT[49]'(source:'add_636_s4') in module 'memoria_para_display' has no destination
WARN  (PA1001) : Dangling net 'DOUT[50]'(source:'add_636_s4') in module 'memoria_para_display' has no destination
WARN  (PA1001) : Dangling net 'DOUT[51]'(source:'add_636_s4') in module 'memoria_para_display' has no destination
WARN  (PA1001) : Dangling net 'DOUT[52]'(source:'add_636_s4') in module 'memoria_para_display' has no destination
WARN  (PA1001) : Dangling net 'DOUT[53]'(source:'add_636_s4') in module 'memoria_para_display' has no destination
WARN  (PA1001) : Dangling net 'SO[0]'(source:'add_632_s3') in module 'memoria_para_display' has no destination
WARN  (PA1001) : Dangling net 'SO[1]'(source:'add_632_s3') in module 'memoria_para_display' has no destination
WARN  (PA1001) : Dangling net 'SO[2]'(source:'add_632_s3') in module 'memoria_para_display' has no destination
WARN  (PA1001) : Dangling net 'SO[3]'(source:'add_632_s3') in module 'memoria_para_display' has no destination
WARN  (PA1001) : Dangling net 'SO[4]'(source:'add_632_s3') in module 'memoria_para_display' has no destination
WARN  (PA1001) : Dangling net 'SO[5]'(source:'add_632_s3') in module 'memoria_para_display' has no destination
WARN  (PA1001) : Dangling net 'SO[6]'(source:'add_632_s3') in module 'memoria_para_display' has no destination
WARN  (PA1001) : Dangling net 'SO[7]'(source:'add_632_s3') in module 'memoria_para_display' has no destination
WARN  (PA1001) : Dangling net 'SO[8]'(source:'add_632_s3') in module 'memoria_para_display' has no destination
WARN  (PA1001) : Dangling net 'SO[9]'(source:'add_632_s3') in module 'memoria_para_display' has no destination
WARN  (PA1001) : Dangling net 'SO[10]'(source:'add_632_s3') in module 'memoria_para_display' has no destination
WARN  (PA1001) : Dangling net 'SO[11]'(source:'add_632_s3') in module 'memoria_para_display' has no destination
WARN  (PA1001) : Dangling net 'SO[12]'(source:'add_632_s3') in module 'memoria_para_display' has no destination
WARN  (PA1001) : Dangling net 'SO[13]'(source:'add_632_s3') in module 'memoria_para_display' has no destination
WARN  (PA1001) : Dangling net 'SO[14]'(source:'add_632_s3') in module 'memoria_para_display' has no destination
WARN  (PA1001) : Dangling net 'SO[15]'(source:'add_632_s3') in module 'memoria_para_display' has no destination
WARN  (PA1001) : Dangling net 'SO[16]'(source:'add_632_s3') in module 'memoria_para_display' has no destination
WARN  (PA1001) : Dangling net 'SO[17]'(source:'add_632_s3') in module 'memoria_para_display' has no destination
WARN  (PA1001) : Dangling net 'SBO[0]'(source:'add_632_s3') in module 'memoria_para_display' has no destination
WARN  (PA1001) : Dangling net 'SBO[1]'(source:'add_632_s3') in module 'memoria_para_display' has no destination
WARN  (PA1001) : Dangling net 'SBO[2]'(source:'add_632_s3') in module 'memoria_para_display' has no destination
WARN  (PA1001) : Dangling net 'SBO[3]'(source:'add_632_s3') in module 'memoria_para_display' has no destination
WARN  (PA1001) : Dangling net 'SBO[4]'(source:'add_632_s3') in module 'memoria_para_display' has no destination
WARN  (PA1001) : Dangling net 'SBO[5]'(source:'add_632_s3') in module 'memoria_para_display' has no destination
WARN  (PA1001) : Dangling net 'SBO[6]'(source:'add_632_s3') in module 'memoria_para_display' has no destination
WARN  (PA1001) : Dangling net 'SBO[7]'(source:'add_632_s3') in module 'memoria_para_display' has no destination
WARN  (PA1001) : Dangling net 'SBO[8]'(source:'add_632_s3') in module 'memoria_para_display' has no destination
WARN  (PA1001) : Dangling net 'SBO[9]'(source:'add_632_s3') in module 'memoria_para_display' has no destination
WARN  (PA1001) : Dangling net 'SBO[10]'(source:'add_632_s3') in module 'memoria_para_display' has no destination
WARN  (PA1001) : Dangling net 'SBO[11]'(source:'add_632_s3') in module 'memoria_para_display' has no destination
WARN  (PA1001) : Dangling net 'SBO[12]'(source:'add_632_s3') in module 'memoria_para_display' has no destination
WARN  (PA1001) : Dangling net 'SBO[13]'(source:'add_632_s3') in module 'memoria_para_display' has no destination
WARN  (PA1001) : Dangling net 'SBO[14]'(source:'add_632_s3') in module 'memoria_para_display' has no destination
WARN  (PA1001) : Dangling net 'SBO[15]'(source:'add_632_s3') in module 'memoria_para_display' has no destination
WARN  (PA1001) : Dangling net 'SBO[16]'(source:'add_632_s3') in module 'memoria_para_display' has no destination
WARN  (PA1001) : Dangling net 'SBO[17]'(source:'add_632_s3') in module 'memoria_para_display' has no destination
WARN  (PA1001) : Dangling net 'DO[9]'(source:'promx9_inst_0') in module 'gato_colorido' has no destination
WARN  (PA1001) : Dangling net 'DO[10]'(source:'promx9_inst_0') in module 'gato_colorido' has no destination
WARN  (PA1001) : Dangling net 'DO[11]'(source:'promx9_inst_0') in module 'gato_colorido' has no destination
WARN  (PA1001) : Dangling net 'DO[12]'(source:'promx9_inst_0') in module 'gato_colorido' has no destination
WARN  (PA1001) : Dangling net 'DO[13]'(source:'promx9_inst_0') in module 'gato_colorido' has no destination
WARN  (PA1001) : Dangling net 'DO[14]'(source:'promx9_inst_0') in module 'gato_colorido' has no destination
WARN  (PA1001) : Dangling net 'DO[15]'(source:'promx9_inst_0') in module 'gato_colorido' has no destination
WARN  (PA1001) : Dangling net 'DO[16]'(source:'promx9_inst_0') in module 'gato_colorido' has no destination
WARN  (PA1001) : Dangling net 'DO[17]'(source:'promx9_inst_0') in module 'gato_colorido' has no destination
WARN  (PA1001) : Dangling net 'DO[18]'(source:'promx9_inst_0') in module 'gato_colorido' has no destination
WARN  (PA1001) : Dangling net 'DO[19]'(source:'promx9_inst_0') in module 'gato_colorido' has no destination
WARN  (PA1001) : Dangling net 'DO[20]'(source:'promx9_inst_0') in module 'gato_colorido' has no destination
WARN  (PA1001) : Dangling net 'DO[21]'(source:'promx9_inst_0') in module 'gato_colorido' has no destination
WARN  (PA1001) : Dangling net 'DO[22]'(source:'promx9_inst_0') in module 'gato_colorido' has no destination
WARN  (PA1001) : Dangling net 'DO[23]'(source:'promx9_inst_0') in module 'gato_colorido' has no destination
WARN  (PA1001) : Dangling net 'DO[24]'(source:'promx9_inst_0') in module 'gato_colorido' has no destination
WARN  (PA1001) : Dangling net 'DO[25]'(source:'promx9_inst_0') in module 'gato_colorido' has no destination
WARN  (PA1001) : Dangling net 'DO[26]'(source:'promx9_inst_0') in module 'gato_colorido' has no destination
WARN  (PA1001) : Dangling net 'DO[27]'(source:'promx9_inst_0') in module 'gato_colorido' has no destination
WARN  (PA1001) : Dangling net 'DO[28]'(source:'promx9_inst_0') in module 'gato_colorido' has no destination
WARN  (PA1001) : Dangling net 'DO[29]'(source:'promx9_inst_0') in module 'gato_colorido' has no destination
WARN  (PA1001) : Dangling net 'DO[30]'(source:'promx9_inst_0') in module 'gato_colorido' has no destination
WARN  (PA1001) : Dangling net 'DO[31]'(source:'promx9_inst_0') in module 'gato_colorido' has no destination
WARN  (PA1001) : Dangling net 'DO[32]'(source:'promx9_inst_0') in module 'gato_colorido' has no destination
WARN  (PA1001) : Dangling net 'DO[33]'(source:'promx9_inst_0') in module 'gato_colorido' has no destination
WARN  (PA1001) : Dangling net 'DO[34]'(source:'promx9_inst_0') in module 'gato_colorido' has no destination
WARN  (PA1001) : Dangling net 'DO[35]'(source:'promx9_inst_0') in module 'gato_colorido' has no destination
WARN  (PA1001) : Dangling net 'DO_0[9]'(source:'promx9_inst_1') in module 'gato_colorido' has no destination
WARN  (PA1001) : Dangling net 'DO_0[10]'(source:'promx9_inst_1') in module 'gato_colorido' has no destination
WARN  (PA1001) : Dangling net 'DO_0[11]'(source:'promx9_inst_1') in module 'gato_colorido' has no destination
WARN  (PA1001) : Dangling net 'DO_0[12]'(source:'promx9_inst_1') in module 'gato_colorido' has no destination
WARN  (PA1001) : Dangling net 'DO_0[13]'(source:'promx9_inst_1') in module 'gato_colorido' has no destination
WARN  (PA1001) : Dangling net 'DO_0[14]'(source:'promx9_inst_1') in module 'gato_colorido' has no destination
WARN  (PA1001) : Dangling net 'DO_0[15]'(source:'promx9_inst_1') in module 'gato_colorido' has no destination
WARN  (PA1001) : Dangling net 'DO_0[16]'(source:'promx9_inst_1') in module 'gato_colorido' has no destination
WARN  (PA1001) : Dangling net 'DO_0[17]'(source:'promx9_inst_1') in module 'gato_colorido' has no destination
WARN  (PA1001) : Dangling net 'DO_0[18]'(source:'promx9_inst_1') in module 'gato_colorido' has no destination
WARN  (PA1001) : Dangling net 'DO_0[19]'(source:'promx9_inst_1') in module 'gato_colorido' has no destination
WARN  (PA1001) : Dangling net 'DO_0[20]'(source:'promx9_inst_1') in module 'gato_colorido' has no destination
WARN  (PA1001) : Dangling net 'DO_0[21]'(source:'promx9_inst_1') in module 'gato_colorido' has no destination
WARN  (PA1001) : Dangling net 'DO_0[22]'(source:'promx9_inst_1') in module 'gato_colorido' has no destination
WARN  (PA1001) : Dangling net 'DO_0[23]'(source:'promx9_inst_1') in module 'gato_colorido' has no destination
WARN  (PA1001) : Dangling net 'DO_0[24]'(source:'promx9_inst_1') in module 'gato_colorido' has no destination
WARN  (PA1001) : Dangling net 'DO_0[25]'(source:'promx9_inst_1') in module 'gato_colorido' has no destination
WARN  (PA1001) : Dangling net 'DO_0[26]'(source:'promx9_inst_1') in module 'gato_colorido' has no destination
WARN  (PA1001) : Dangling net 'DO_0[27]'(source:'promx9_inst_1') in module 'gato_colorido' has no destination
WARN  (PA1001) : Dangling net 'DO_0[28]'(source:'promx9_inst_1') in module 'gato_colorido' has no destination
WARN  (PA1001) : Dangling net 'DO_0[29]'(source:'promx9_inst_1') in module 'gato_colorido' has no destination
WARN  (PA1001) : Dangling net 'DO_0[30]'(source:'promx9_inst_1') in module 'gato_colorido' has no destination
WARN  (PA1001) : Dangling net 'DO_0[31]'(source:'promx9_inst_1') in module 'gato_colorido' has no destination
WARN  (PA1001) : Dangling net 'DO_0[32]'(source:'promx9_inst_1') in module 'gato_colorido' has no destination
WARN  (PA1001) : Dangling net 'DO_0[33]'(source:'promx9_inst_1') in module 'gato_colorido' has no destination
WARN  (PA1001) : Dangling net 'DO_0[34]'(source:'promx9_inst_1') in module 'gato_colorido' has no destination
WARN  (PA1001) : Dangling net 'DO_0[35]'(source:'promx9_inst_1') in module 'gato_colorido' has no destination
WARN  (PA1001) : Dangling net 'DO_1[9]'(source:'promx9_inst_2') in module 'gato_colorido' has no destination
WARN  (PA1001) : Dangling net 'DO_1[10]'(source:'promx9_inst_2') in module 'gato_colorido' has no destination
WARN  (PA1001) : Dangling net 'DO_1[11]'(source:'promx9_inst_2') in module 'gato_colorido' has no destination
WARN  (PA1001) : Dangling net 'DO_1[12]'(source:'promx9_inst_2') in module 'gato_colorido' has no destination
WARN  (PA1001) : Dangling net 'DO_1[13]'(source:'promx9_inst_2') in module 'gato_colorido' has no destination
WARN  (PA1001) : Dangling net 'DO_1[14]'(source:'promx9_inst_2') in module 'gato_colorido' has no destination
WARN  (PA1001) : Dangling net 'DO_1[15]'(source:'promx9_inst_2') in module 'gato_colorido' has no destination
WARN  (PA1001) : Dangling net 'DO_1[16]'(source:'promx9_inst_2') in module 'gato_colorido' has no destination
WARN  (PA1001) : Dangling net 'DO_1[17]'(source:'promx9_inst_2') in module 'gato_colorido' has no destination
WARN  (PA1001) : Dangling net 'DO_1[18]'(source:'promx9_inst_2') in module 'gato_colorido' has no destination
WARN  (PA1001) : Dangling net 'DO_1[19]'(source:'promx9_inst_2') in module 'gato_colorido' has no destination
WARN  (PA1001) : Dangling net 'DO_1[20]'(source:'promx9_inst_2') in module 'gato_colorido' has no destination
WARN  (PA1001) : Dangling net 'DO_1[21]'(source:'promx9_inst_2') in module 'gato_colorido' has no destination
WARN  (PA1001) : Dangling net 'DO_1[22]'(source:'promx9_inst_2') in module 'gato_colorido' has no destination
WARN  (PA1001) : Dangling net 'DO_1[23]'(source:'promx9_inst_2') in module 'gato_colorido' has no destination
WARN  (PA1001) : Dangling net 'DO_1[24]'(source:'promx9_inst_2') in module 'gato_colorido' has no destination
WARN  (PA1001) : Dangling net 'DO_1[25]'(source:'promx9_inst_2') in module 'gato_colorido' has no destination
WARN  (PA1001) : Dangling net 'DO_1[26]'(source:'promx9_inst_2') in module 'gato_colorido' has no destination
WARN  (PA1001) : Dangling net 'DO_1[27]'(source:'promx9_inst_2') in module 'gato_colorido' has no destination
WARN  (PA1001) : Dangling net 'DO_1[28]'(source:'promx9_inst_2') in module 'gato_colorido' has no destination
WARN  (PA1001) : Dangling net 'DO_1[29]'(source:'promx9_inst_2') in module 'gato_colorido' has no destination
WARN  (PA1001) : Dangling net 'DO_1[30]'(source:'promx9_inst_2') in module 'gato_colorido' has no destination
WARN  (PA1001) : Dangling net 'DO_1[31]'(source:'promx9_inst_2') in module 'gato_colorido' has no destination
WARN  (PA1001) : Dangling net 'DO_1[32]'(source:'promx9_inst_2') in module 'gato_colorido' has no destination
WARN  (PA1001) : Dangling net 'DO_1[33]'(source:'promx9_inst_2') in module 'gato_colorido' has no destination
WARN  (PA1001) : Dangling net 'DO_1[34]'(source:'promx9_inst_2') in module 'gato_colorido' has no destination
WARN  (PA1001) : Dangling net 'DO_1[35]'(source:'promx9_inst_2') in module 'gato_colorido' has no destination
WARN  (PA1001) : Dangling net 'DO_2[9]'(source:'promx9_inst_3') in module 'gato_colorido' has no destination
WARN  (PA1001) : Dangling net 'DO_2[10]'(source:'promx9_inst_3') in module 'gato_colorido' has no destination
WARN  (PA1001) : Dangling net 'DO_2[11]'(source:'promx9_inst_3') in module 'gato_colorido' has no destination
WARN  (PA1001) : Dangling net 'DO_2[12]'(source:'promx9_inst_3') in module 'gato_colorido' has no destination
WARN  (PA1001) : Dangling net 'DO_2[13]'(source:'promx9_inst_3') in module 'gato_colorido' has no destination
WARN  (PA1001) : Dangling net 'DO_2[14]'(source:'promx9_inst_3') in module 'gato_colorido' has no destination
WARN  (PA1001) : Dangling net 'DO_2[15]'(source:'promx9_inst_3') in module 'gato_colorido' has no destination
WARN  (PA1001) : Dangling net 'DO_2[16]'(source:'promx9_inst_3') in module 'gato_colorido' has no destination
WARN  (PA1001) : Dangling net 'DO_2[17]'(source:'promx9_inst_3') in module 'gato_colorido' has no destination
WARN  (PA1001) : Dangling net 'DO_2[18]'(source:'promx9_inst_3') in module 'gato_colorido' has no destination
WARN  (PA1001) : Dangling net 'DO_2[19]'(source:'promx9_inst_3') in module 'gato_colorido' has no destination
WARN  (PA1001) : Dangling net 'DO_2[20]'(source:'promx9_inst_3') in module 'gato_colorido' has no destination
WARN  (PA1001) : Dangling net 'DO_2[21]'(source:'promx9_inst_3') in module 'gato_colorido' has no destination
WARN  (PA1001) : Dangling net 'DO_2[22]'(source:'promx9_inst_3') in module 'gato_colorido' has no destination
WARN  (PA1001) : Dangling net 'DO_2[23]'(source:'promx9_inst_3') in module 'gato_colorido' has no destination
WARN  (PA1001) : Dangling net 'DO_2[24]'(source:'promx9_inst_3') in module 'gato_colorido' has no destination
WARN  (PA1001) : Dangling net 'DO_2[25]'(source:'promx9_inst_3') in module 'gato_colorido' has no destination
WARN  (PA1001) : Dangling net 'DO_2[26]'(source:'promx9_inst_3') in module 'gato_colorido' has no destination
WARN  (PA1001) : Dangling net 'DO_2[27]'(source:'promx9_inst_3') in module 'gato_colorido' has no destination
WARN  (PA1001) : Dangling net 'DO_2[28]'(source:'promx9_inst_3') in module 'gato_colorido' has no destination
WARN  (PA1001) : Dangling net 'DO_2[29]'(source:'promx9_inst_3') in module 'gato_colorido' has no destination
WARN  (PA1001) : Dangling net 'DO_2[30]'(source:'promx9_inst_3') in module 'gato_colorido' has no destination
WARN  (PA1001) : Dangling net 'DO_2[31]'(source:'promx9_inst_3') in module 'gato_colorido' has no destination
WARN  (PA1001) : Dangling net 'DO_2[32]'(source:'promx9_inst_3') in module 'gato_colorido' has no destination
WARN  (PA1001) : Dangling net 'DO_2[33]'(source:'promx9_inst_3') in module 'gato_colorido' has no destination
WARN  (PA1001) : Dangling net 'DO_2[34]'(source:'promx9_inst_3') in module 'gato_colorido' has no destination
WARN  (PA1001) : Dangling net 'DO_2[35]'(source:'promx9_inst_3') in module 'gato_colorido' has no destination
WARN  (PA1001) : Dangling net 'DO_3[9]'(source:'promx9_inst_4') in module 'gato_colorido' has no destination
WARN  (PA1001) : Dangling net 'DO_3[10]'(source:'promx9_inst_4') in module 'gato_colorido' has no destination
WARN  (PA1001) : Dangling net 'DO_3[11]'(source:'promx9_inst_4') in module 'gato_colorido' has no destination
WARN  (PA1001) : Dangling net 'DO_3[12]'(source:'promx9_inst_4') in module 'gato_colorido' has no destination
WARN  (PA1001) : Dangling net 'DO_3[13]'(source:'promx9_inst_4') in module 'gato_colorido' has no destination
WARN  (PA1001) : Dangling net 'DO_3[14]'(source:'promx9_inst_4') in module 'gato_colorido' has no destination
WARN  (PA1001) : Dangling net 'DO_3[15]'(source:'promx9_inst_4') in module 'gato_colorido' has no destination
WARN  (PA1001) : Dangling net 'DO_3[16]'(source:'promx9_inst_4') in module 'gato_colorido' has no destination
WARN  (PA1001) : Dangling net 'DO_3[17]'(source:'promx9_inst_4') in module 'gato_colorido' has no destination
WARN  (PA1001) : Dangling net 'DO_3[18]'(source:'promx9_inst_4') in module 'gato_colorido' has no destination
WARN  (PA1001) : Dangling net 'DO_3[19]'(source:'promx9_inst_4') in module 'gato_colorido' has no destination
WARN  (PA1001) : Dangling net 'DO_3[20]'(source:'promx9_inst_4') in module 'gato_colorido' has no destination
WARN  (PA1001) : Dangling net 'DO_3[21]'(source:'promx9_inst_4') in module 'gato_colorido' has no destination
WARN  (PA1001) : Dangling net 'DO_3[22]'(source:'promx9_inst_4') in module 'gato_colorido' has no destination
WARN  (PA1001) : Dangling net 'DO_3[23]'(source:'promx9_inst_4') in module 'gato_colorido' has no destination
WARN  (PA1001) : Dangling net 'DO_3[24]'(source:'promx9_inst_4') in module 'gato_colorido' has no destination
WARN  (PA1001) : Dangling net 'DO_3[25]'(source:'promx9_inst_4') in module 'gato_colorido' has no destination
WARN  (PA1001) : Dangling net 'DO_3[26]'(source:'promx9_inst_4') in module 'gato_colorido' has no destination
WARN  (PA1001) : Dangling net 'DO_3[27]'(source:'promx9_inst_4') in module 'gato_colorido' has no destination
WARN  (PA1001) : Dangling net 'DO_3[28]'(source:'promx9_inst_4') in module 'gato_colorido' has no destination
WARN  (PA1001) : Dangling net 'DO_3[29]'(source:'promx9_inst_4') in module 'gato_colorido' has no destination
WARN  (PA1001) : Dangling net 'DO_3[30]'(source:'promx9_inst_4') in module 'gato_colorido' has no destination
WARN  (PA1001) : Dangling net 'DO_3[31]'(source:'promx9_inst_4') in module 'gato_colorido' has no destination
WARN  (PA1001) : Dangling net 'DO_3[32]'(source:'promx9_inst_4') in module 'gato_colorido' has no destination
WARN  (PA1001) : Dangling net 'DO_3[33]'(source:'promx9_inst_4') in module 'gato_colorido' has no destination
WARN  (PA1001) : Dangling net 'DO_3[34]'(source:'promx9_inst_4') in module 'gato_colorido' has no destination
WARN  (PA1001) : Dangling net 'DO_3[35]'(source:'promx9_inst_4') in module 'gato_colorido' has no destination
WARN  (PA1001) : Dangling net 'DO_4[9]'(source:'promx9_inst_5') in module 'gato_colorido' has no destination
WARN  (PA1001) : Dangling net 'DO_4[10]'(source:'promx9_inst_5') in module 'gato_colorido' has no destination
WARN  (PA1001) : Dangling net 'DO_4[11]'(source:'promx9_inst_5') in module 'gato_colorido' has no destination
WARN  (PA1001) : Dangling net 'DO_4[12]'(source:'promx9_inst_5') in module 'gato_colorido' has no destination
WARN  (PA1001) : Dangling net 'DO_4[13]'(source:'promx9_inst_5') in module 'gato_colorido' has no destination
WARN  (PA1001) : Dangling net 'DO_4[14]'(source:'promx9_inst_5') in module 'gato_colorido' has no destination
WARN  (PA1001) : Dangling net 'DO_4[15]'(source:'promx9_inst_5') in module 'gato_colorido' has no destination
WARN  (PA1001) : Dangling net 'DO_4[16]'(source:'promx9_inst_5') in module 'gato_colorido' has no destination
WARN  (PA1001) : Dangling net 'DO_4[17]'(source:'promx9_inst_5') in module 'gato_colorido' has no destination
WARN  (PA1001) : Dangling net 'DO_4[18]'(source:'promx9_inst_5') in module 'gato_colorido' has no destination
WARN  (PA1001) : Dangling net 'DO_4[19]'(source:'promx9_inst_5') in module 'gato_colorido' has no destination
WARN  (PA1001) : Dangling net 'DO_4[20]'(source:'promx9_inst_5') in module 'gato_colorido' has no destination
WARN  (PA1001) : Dangling net 'DO_4[21]'(source:'promx9_inst_5') in module 'gato_colorido' has no destination
WARN  (PA1001) : Dangling net 'DO_4[22]'(source:'promx9_inst_5') in module 'gato_colorido' has no destination
WARN  (PA1001) : Dangling net 'DO_4[23]'(source:'promx9_inst_5') in module 'gato_colorido' has no destination
WARN  (PA1001) : Dangling net 'DO_4[24]'(source:'promx9_inst_5') in module 'gato_colorido' has no destination
WARN  (PA1001) : Dangling net 'DO_4[25]'(source:'promx9_inst_5') in module 'gato_colorido' has no destination
WARN  (PA1001) : Dangling net 'DO_4[26]'(source:'promx9_inst_5') in module 'gato_colorido' has no destination
WARN  (PA1001) : Dangling net 'DO_4[27]'(source:'promx9_inst_5') in module 'gato_colorido' has no destination
WARN  (PA1001) : Dangling net 'DO_4[28]'(source:'promx9_inst_5') in module 'gato_colorido' has no destination
WARN  (PA1001) : Dangling net 'DO_4[29]'(source:'promx9_inst_5') in module 'gato_colorido' has no destination
WARN  (PA1001) : Dangling net 'DO_4[30]'(source:'promx9_inst_5') in module 'gato_colorido' has no destination
WARN  (PA1001) : Dangling net 'DO_4[31]'(source:'promx9_inst_5') in module 'gato_colorido' has no destination
WARN  (PA1001) : Dangling net 'DO_4[32]'(source:'promx9_inst_5') in module 'gato_colorido' has no destination
WARN  (PA1001) : Dangling net 'DO_4[33]'(source:'promx9_inst_5') in module 'gato_colorido' has no destination
WARN  (PA1001) : Dangling net 'DO_4[34]'(source:'promx9_inst_5') in module 'gato_colorido' has no destination
WARN  (PA1001) : Dangling net 'DO_4[35]'(source:'promx9_inst_5') in module 'gato_colorido' has no destination
WARN  (PA1001) : Dangling net 'DO_5[9]'(source:'promx9_inst_6') in module 'gato_colorido' has no destination
WARN  (PA1001) : Dangling net 'DO_5[10]'(source:'promx9_inst_6') in module 'gato_colorido' has no destination
WARN  (PA1001) : Dangling net 'DO_5[11]'(source:'promx9_inst_6') in module 'gato_colorido' has no destination
WARN  (PA1001) : Dangling net 'DO_5[12]'(source:'promx9_inst_6') in module 'gato_colorido' has no destination
WARN  (PA1001) : Dangling net 'DO_5[13]'(source:'promx9_inst_6') in module 'gato_colorido' has no destination
WARN  (PA1001) : Dangling net 'DO_5[14]'(source:'promx9_inst_6') in module 'gato_colorido' has no destination
WARN  (PA1001) : Dangling net 'DO_5[15]'(source:'promx9_inst_6') in module 'gato_colorido' has no destination
WARN  (PA1001) : Dangling net 'DO_5[16]'(source:'promx9_inst_6') in module 'gato_colorido' has no destination
WARN  (PA1001) : Dangling net 'DO_5[17]'(source:'promx9_inst_6') in module 'gato_colorido' has no destination
WARN  (PA1001) : Dangling net 'DO_5[18]'(source:'promx9_inst_6') in module 'gato_colorido' has no destination
WARN  (PA1001) : Dangling net 'DO_5[19]'(source:'promx9_inst_6') in module 'gato_colorido' has no destination
WARN  (PA1001) : Dangling net 'DO_5[20]'(source:'promx9_inst_6') in module 'gato_colorido' has no destination
WARN  (PA1001) : Dangling net 'DO_5[21]'(source:'promx9_inst_6') in module 'gato_colorido' has no destination
WARN  (PA1001) : Dangling net 'DO_5[22]'(source:'promx9_inst_6') in module 'gato_colorido' has no destination
WARN  (PA1001) : Dangling net 'DO_5[23]'(source:'promx9_inst_6') in module 'gato_colorido' has no destination
WARN  (PA1001) : Dangling net 'DO_5[24]'(source:'promx9_inst_6') in module 'gato_colorido' has no destination
WARN  (PA1001) : Dangling net 'DO_5[25]'(source:'promx9_inst_6') in module 'gato_colorido' has no destination
WARN  (PA1001) : Dangling net 'DO_5[26]'(source:'promx9_inst_6') in module 'gato_colorido' has no destination
WARN  (PA1001) : Dangling net 'DO_5[27]'(source:'promx9_inst_6') in module 'gato_colorido' has no destination
WARN  (PA1001) : Dangling net 'DO_5[28]'(source:'promx9_inst_6') in module 'gato_colorido' has no destination
WARN  (PA1001) : Dangling net 'DO_5[29]'(source:'promx9_inst_6') in module 'gato_colorido' has no destination
WARN  (PA1001) : Dangling net 'DO_5[30]'(source:'promx9_inst_6') in module 'gato_colorido' has no destination
WARN  (PA1001) : Dangling net 'DO_5[31]'(source:'promx9_inst_6') in module 'gato_colorido' has no destination
WARN  (PA1001) : Dangling net 'DO_5[32]'(source:'promx9_inst_6') in module 'gato_colorido' has no destination
WARN  (PA1001) : Dangling net 'DO_5[33]'(source:'promx9_inst_6') in module 'gato_colorido' has no destination
WARN  (PA1001) : Dangling net 'DO_5[34]'(source:'promx9_inst_6') in module 'gato_colorido' has no destination
WARN  (PA1001) : Dangling net 'DO_5[35]'(source:'promx9_inst_6') in module 'gato_colorido' has no destination
WARN  (PA1001) : Dangling net 'DO_6[9]'(source:'promx9_inst_7') in module 'gato_colorido' has no destination
WARN  (PA1001) : Dangling net 'DO_6[10]'(source:'promx9_inst_7') in module 'gato_colorido' has no destination
WARN  (PA1001) : Dangling net 'DO_6[11]'(source:'promx9_inst_7') in module 'gato_colorido' has no destination
WARN  (PA1001) : Dangling net 'DO_6[12]'(source:'promx9_inst_7') in module 'gato_colorido' has no destination
WARN  (PA1001) : Dangling net 'DO_6[13]'(source:'promx9_inst_7') in module 'gato_colorido' has no destination
WARN  (PA1001) : Dangling net 'DO_6[14]'(source:'promx9_inst_7') in module 'gato_colorido' has no destination
WARN  (PA1001) : Dangling net 'DO_6[15]'(source:'promx9_inst_7') in module 'gato_colorido' has no destination
WARN  (PA1001) : Dangling net 'DO_6[16]'(source:'promx9_inst_7') in module 'gato_colorido' has no destination
WARN  (PA1001) : Dangling net 'DO_6[17]'(source:'promx9_inst_7') in module 'gato_colorido' has no destination
WARN  (PA1001) : Dangling net 'DO_6[18]'(source:'promx9_inst_7') in module 'gato_colorido' has no destination
WARN  (PA1001) : Dangling net 'DO_6[19]'(source:'promx9_inst_7') in module 'gato_colorido' has no destination
WARN  (PA1001) : Dangling net 'DO_6[20]'(source:'promx9_inst_7') in module 'gato_colorido' has no destination
WARN  (PA1001) : Dangling net 'DO_6[21]'(source:'promx9_inst_7') in module 'gato_colorido' has no destination
WARN  (PA1001) : Dangling net 'DO_6[22]'(source:'promx9_inst_7') in module 'gato_colorido' has no destination
WARN  (PA1001) : Dangling net 'DO_6[23]'(source:'promx9_inst_7') in module 'gato_colorido' has no destination
WARN  (PA1001) : Dangling net 'DO_6[24]'(source:'promx9_inst_7') in module 'gato_colorido' has no destination
WARN  (PA1001) : Dangling net 'DO_6[25]'(source:'promx9_inst_7') in module 'gato_colorido' has no destination
WARN  (PA1001) : Dangling net 'DO_6[26]'(source:'promx9_inst_7') in module 'gato_colorido' has no destination
WARN  (PA1001) : Dangling net 'DO_6[27]'(source:'promx9_inst_7') in module 'gato_colorido' has no destination
WARN  (PA1001) : Dangling net 'DO_6[28]'(source:'promx9_inst_7') in module 'gato_colorido' has no destination
WARN  (PA1001) : Dangling net 'DO_6[29]'(source:'promx9_inst_7') in module 'gato_colorido' has no destination
WARN  (PA1001) : Dangling net 'DO_6[30]'(source:'promx9_inst_7') in module 'gato_colorido' has no destination
WARN  (PA1001) : Dangling net 'DO_6[31]'(source:'promx9_inst_7') in module 'gato_colorido' has no destination
WARN  (PA1001) : Dangling net 'DO_6[32]'(source:'promx9_inst_7') in module 'gato_colorido' has no destination
WARN  (PA1001) : Dangling net 'DO_6[33]'(source:'promx9_inst_7') in module 'gato_colorido' has no destination
WARN  (PA1001) : Dangling net 'DO_6[34]'(source:'promx9_inst_7') in module 'gato_colorido' has no destination
WARN  (PA1001) : Dangling net 'DO_6[35]'(source:'promx9_inst_7') in module 'gato_colorido' has no destination
WARN  (PA1001) : Dangling net 'DO_7[9]'(source:'promx9_inst_8') in module 'gato_colorido' has no destination
WARN  (PA1001) : Dangling net 'DO_7[10]'(source:'promx9_inst_8') in module 'gato_colorido' has no destination
WARN  (PA1001) : Dangling net 'DO_7[11]'(source:'promx9_inst_8') in module 'gato_colorido' has no destination
WARN  (PA1001) : Dangling net 'DO_7[12]'(source:'promx9_inst_8') in module 'gato_colorido' has no destination
WARN  (PA1001) : Dangling net 'DO_7[13]'(source:'promx9_inst_8') in module 'gato_colorido' has no destination
WARN  (PA1001) : Dangling net 'DO_7[14]'(source:'promx9_inst_8') in module 'gato_colorido' has no destination
WARN  (PA1001) : Dangling net 'DO_7[15]'(source:'promx9_inst_8') in module 'gato_colorido' has no destination
WARN  (PA1001) : Dangling net 'DO_7[16]'(source:'promx9_inst_8') in module 'gato_colorido' has no destination
WARN  (PA1001) : Dangling net 'DO_7[17]'(source:'promx9_inst_8') in module 'gato_colorido' has no destination
WARN  (PA1001) : Dangling net 'DO_7[18]'(source:'promx9_inst_8') in module 'gato_colorido' has no destination
WARN  (PA1001) : Dangling net 'DO_7[19]'(source:'promx9_inst_8') in module 'gato_colorido' has no destination
WARN  (PA1001) : Dangling net 'DO_7[20]'(source:'promx9_inst_8') in module 'gato_colorido' has no destination
WARN  (PA1001) : Dangling net 'DO_7[21]'(source:'promx9_inst_8') in module 'gato_colorido' has no destination
WARN  (PA1001) : Dangling net 'DO_7[22]'(source:'promx9_inst_8') in module 'gato_colorido' has no destination
WARN  (PA1001) : Dangling net 'DO_7[23]'(source:'promx9_inst_8') in module 'gato_colorido' has no destination
WARN  (PA1001) : Dangling net 'DO_7[24]'(source:'promx9_inst_8') in module 'gato_colorido' has no destination
WARN  (PA1001) : Dangling net 'DO_7[25]'(source:'promx9_inst_8') in module 'gato_colorido' has no destination
WARN  (PA1001) : Dangling net 'DO_7[26]'(source:'promx9_inst_8') in module 'gato_colorido' has no destination
WARN  (PA1001) : Dangling net 'DO_7[27]'(source:'promx9_inst_8') in module 'gato_colorido' has no destination
WARN  (PA1001) : Dangling net 'DO_7[28]'(source:'promx9_inst_8') in module 'gato_colorido' has no destination
WARN  (PA1001) : Dangling net 'DO_7[29]'(source:'promx9_inst_8') in module 'gato_colorido' has no destination
WARN  (PA1001) : Dangling net 'DO_7[30]'(source:'promx9_inst_8') in module 'gato_colorido' has no destination
WARN  (PA1001) : Dangling net 'DO_7[31]'(source:'promx9_inst_8') in module 'gato_colorido' has no destination
WARN  (PA1001) : Dangling net 'DO_7[32]'(source:'promx9_inst_8') in module 'gato_colorido' has no destination
WARN  (PA1001) : Dangling net 'DO_7[33]'(source:'promx9_inst_8') in module 'gato_colorido' has no destination
WARN  (PA1001) : Dangling net 'DO_7[34]'(source:'promx9_inst_8') in module 'gato_colorido' has no destination
WARN  (PA1001) : Dangling net 'DO_7[35]'(source:'promx9_inst_8') in module 'gato_colorido' has no destination
WARN  (PA1001) : Dangling net 'DO_8[9]'(source:'promx9_inst_9') in module 'gato_colorido' has no destination
WARN  (PA1001) : Dangling net 'DO_8[10]'(source:'promx9_inst_9') in module 'gato_colorido' has no destination
WARN  (PA1001) : Dangling net 'DO_8[11]'(source:'promx9_inst_9') in module 'gato_colorido' has no destination
WARN  (PA1001) : Dangling net 'DO_8[12]'(source:'promx9_inst_9') in module 'gato_colorido' has no destination
WARN  (PA1001) : Dangling net 'DO_8[13]'(source:'promx9_inst_9') in module 'gato_colorido' has no destination
WARN  (PA1001) : Dangling net 'DO_8[14]'(source:'promx9_inst_9') in module 'gato_colorido' has no destination
WARN  (PA1001) : Dangling net 'DO_8[15]'(source:'promx9_inst_9') in module 'gato_colorido' has no destination
WARN  (PA1001) : Dangling net 'DO_8[16]'(source:'promx9_inst_9') in module 'gato_colorido' has no destination
WARN  (PA1001) : Dangling net 'DO_8[17]'(source:'promx9_inst_9') in module 'gato_colorido' has no destination
WARN  (PA1001) : Dangling net 'DO_8[18]'(source:'promx9_inst_9') in module 'gato_colorido' has no destination
WARN  (PA1001) : Dangling net 'DO_8[19]'(source:'promx9_inst_9') in module 'gato_colorido' has no destination
WARN  (PA1001) : Dangling net 'DO_8[20]'(source:'promx9_inst_9') in module 'gato_colorido' has no destination
WARN  (PA1001) : Dangling net 'DO_8[21]'(source:'promx9_inst_9') in module 'gato_colorido' has no destination
WARN  (PA1001) : Dangling net 'DO_8[22]'(source:'promx9_inst_9') in module 'gato_colorido' has no destination
WARN  (PA1001) : Dangling net 'DO_8[23]'(source:'promx9_inst_9') in module 'gato_colorido' has no destination
WARN  (PA1001) : Dangling net 'DO_8[24]'(source:'promx9_inst_9') in module 'gato_colorido' has no destination
WARN  (PA1001) : Dangling net 'DO_8[25]'(source:'promx9_inst_9') in module 'gato_colorido' has no destination
WARN  (PA1001) : Dangling net 'DO_8[26]'(source:'promx9_inst_9') in module 'gato_colorido' has no destination
WARN  (PA1001) : Dangling net 'DO_8[27]'(source:'promx9_inst_9') in module 'gato_colorido' has no destination
WARN  (PA1001) : Dangling net 'DO_8[28]'(source:'promx9_inst_9') in module 'gato_colorido' has no destination
WARN  (PA1001) : Dangling net 'DO_8[29]'(source:'promx9_inst_9') in module 'gato_colorido' has no destination
WARN  (PA1001) : Dangling net 'DO_8[30]'(source:'promx9_inst_9') in module 'gato_colorido' has no destination
WARN  (PA1001) : Dangling net 'DO_8[31]'(source:'promx9_inst_9') in module 'gato_colorido' has no destination
WARN  (PA1001) : Dangling net 'DO_8[32]'(source:'promx9_inst_9') in module 'gato_colorido' has no destination
WARN  (PA1001) : Dangling net 'DO_8[33]'(source:'promx9_inst_9') in module 'gato_colorido' has no destination
WARN  (PA1001) : Dangling net 'DO_8[34]'(source:'promx9_inst_9') in module 'gato_colorido' has no destination
WARN  (PA1001) : Dangling net 'DO_8[35]'(source:'promx9_inst_9') in module 'gato_colorido' has no destination
WARN  (PA1001) : Dangling net 'DO_9[9]'(source:'promx9_inst_10') in module 'gato_colorido' has no destination
WARN  (PA1001) : Dangling net 'DO_9[10]'(source:'promx9_inst_10') in module 'gato_colorido' has no destination
WARN  (PA1001) : Dangling net 'DO_9[11]'(source:'promx9_inst_10') in module 'gato_colorido' has no destination
WARN  (PA1001) : Dangling net 'DO_9[12]'(source:'promx9_inst_10') in module 'gato_colorido' has no destination
WARN  (PA1001) : Dangling net 'DO_9[13]'(source:'promx9_inst_10') in module 'gato_colorido' has no destination
WARN  (PA1001) : Dangling net 'DO_9[14]'(source:'promx9_inst_10') in module 'gato_colorido' has no destination
WARN  (PA1001) : Dangling net 'DO_9[15]'(source:'promx9_inst_10') in module 'gato_colorido' has no destination
WARN  (PA1001) : Dangling net 'DO_9[16]'(source:'promx9_inst_10') in module 'gato_colorido' has no destination
WARN  (PA1001) : Dangling net 'DO_9[17]'(source:'promx9_inst_10') in module 'gato_colorido' has no destination
WARN  (PA1001) : Dangling net 'DO_9[18]'(source:'promx9_inst_10') in module 'gato_colorido' has no destination
WARN  (PA1001) : Dangling net 'DO_9[19]'(source:'promx9_inst_10') in module 'gato_colorido' has no destination
WARN  (PA1001) : Dangling net 'DO_9[20]'(source:'promx9_inst_10') in module 'gato_colorido' has no destination
WARN  (PA1001) : Dangling net 'DO_9[21]'(source:'promx9_inst_10') in module 'gato_colorido' has no destination
WARN  (PA1001) : Dangling net 'DO_9[22]'(source:'promx9_inst_10') in module 'gato_colorido' has no destination
WARN  (PA1001) : Dangling net 'DO_9[23]'(source:'promx9_inst_10') in module 'gato_colorido' has no destination
WARN  (PA1001) : Dangling net 'DO_9[24]'(source:'promx9_inst_10') in module 'gato_colorido' has no destination
WARN  (PA1001) : Dangling net 'DO_9[25]'(source:'promx9_inst_10') in module 'gato_colorido' has no destination
WARN  (PA1001) : Dangling net 'DO_9[26]'(source:'promx9_inst_10') in module 'gato_colorido' has no destination
WARN  (PA1001) : Dangling net 'DO_9[27]'(source:'promx9_inst_10') in module 'gato_colorido' has no destination
WARN  (PA1001) : Dangling net 'DO_9[28]'(source:'promx9_inst_10') in module 'gato_colorido' has no destination
WARN  (PA1001) : Dangling net 'DO_9[29]'(source:'promx9_inst_10') in module 'gato_colorido' has no destination
WARN  (PA1001) : Dangling net 'DO_9[30]'(source:'promx9_inst_10') in module 'gato_colorido' has no destination
WARN  (PA1001) : Dangling net 'DO_9[31]'(source:'promx9_inst_10') in module 'gato_colorido' has no destination
WARN  (PA1001) : Dangling net 'DO_9[32]'(source:'promx9_inst_10') in module 'gato_colorido' has no destination
WARN  (PA1001) : Dangling net 'DO_9[33]'(source:'promx9_inst_10') in module 'gato_colorido' has no destination
WARN  (PA1001) : Dangling net 'DO_9[34]'(source:'promx9_inst_10') in module 'gato_colorido' has no destination
WARN  (PA1001) : Dangling net 'DO_9[35]'(source:'promx9_inst_10') in module 'gato_colorido' has no destination
WARN  (PA1001) : Dangling net 'DO_10[9]'(source:'promx9_inst_11') in module 'gato_colorido' has no destination
WARN  (PA1001) : Dangling net 'DO_10[10]'(source:'promx9_inst_11') in module 'gato_colorido' has no destination
WARN  (PA1001) : Dangling net 'DO_10[11]'(source:'promx9_inst_11') in module 'gato_colorido' has no destination
WARN  (PA1001) : Dangling net 'DO_10[12]'(source:'promx9_inst_11') in module 'gato_colorido' has no destination
WARN  (PA1001) : Dangling net 'DO_10[13]'(source:'promx9_inst_11') in module 'gato_colorido' has no destination
WARN  (PA1001) : Dangling net 'DO_10[14]'(source:'promx9_inst_11') in module 'gato_colorido' has no destination
WARN  (PA1001) : Dangling net 'DO_10[15]'(source:'promx9_inst_11') in module 'gato_colorido' has no destination
WARN  (PA1001) : Dangling net 'DO_10[16]'(source:'promx9_inst_11') in module 'gato_colorido' has no destination
WARN  (PA1001) : Dangling net 'DO_10[17]'(source:'promx9_inst_11') in module 'gato_colorido' has no destination
WARN  (PA1001) : Dangling net 'DO_10[18]'(source:'promx9_inst_11') in module 'gato_colorido' has no destination
WARN  (PA1001) : Dangling net 'DO_10[19]'(source:'promx9_inst_11') in module 'gato_colorido' has no destination
WARN  (PA1001) : Dangling net 'DO_10[20]'(source:'promx9_inst_11') in module 'gato_colorido' has no destination
WARN  (PA1001) : Dangling net 'DO_10[21]'(source:'promx9_inst_11') in module 'gato_colorido' has no destination
WARN  (PA1001) : Dangling net 'DO_10[22]'(source:'promx9_inst_11') in module 'gato_colorido' has no destination
WARN  (PA1001) : Dangling net 'DO_10[23]'(source:'promx9_inst_11') in module 'gato_colorido' has no destination
WARN  (PA1001) : Dangling net 'DO_10[24]'(source:'promx9_inst_11') in module 'gato_colorido' has no destination
WARN  (PA1001) : Dangling net 'DO_10[25]'(source:'promx9_inst_11') in module 'gato_colorido' has no destination
WARN  (PA1001) : Dangling net 'DO_10[26]'(source:'promx9_inst_11') in module 'gato_colorido' has no destination
WARN  (PA1001) : Dangling net 'DO_10[27]'(source:'promx9_inst_11') in module 'gato_colorido' has no destination
WARN  (PA1001) : Dangling net 'DO_10[28]'(source:'promx9_inst_11') in module 'gato_colorido' has no destination
WARN  (PA1001) : Dangling net 'DO_10[29]'(source:'promx9_inst_11') in module 'gato_colorido' has no destination
WARN  (PA1001) : Dangling net 'DO_10[30]'(source:'promx9_inst_11') in module 'gato_colorido' has no destination
WARN  (PA1001) : Dangling net 'DO_10[31]'(source:'promx9_inst_11') in module 'gato_colorido' has no destination
WARN  (PA1001) : Dangling net 'DO_10[32]'(source:'promx9_inst_11') in module 'gato_colorido' has no destination
WARN  (PA1001) : Dangling net 'DO_10[33]'(source:'promx9_inst_11') in module 'gato_colorido' has no destination
WARN  (PA1001) : Dangling net 'DO_10[34]'(source:'promx9_inst_11') in module 'gato_colorido' has no destination
WARN  (PA1001) : Dangling net 'DO_10[35]'(source:'promx9_inst_11') in module 'gato_colorido' has no destination
WARN  (PA1001) : Dangling net 'DO_11[9]'(source:'promx9_inst_12') in module 'gato_colorido' has no destination
WARN  (PA1001) : Dangling net 'DO_11[10]'(source:'promx9_inst_12') in module 'gato_colorido' has no destination
WARN  (PA1001) : Dangling net 'DO_11[11]'(source:'promx9_inst_12') in module 'gato_colorido' has no destination
WARN  (PA1001) : Dangling net 'DO_11[12]'(source:'promx9_inst_12') in module 'gato_colorido' has no destination
WARN  (PA1001) : Dangling net 'DO_11[13]'(source:'promx9_inst_12') in module 'gato_colorido' has no destination
WARN  (PA1001) : Dangling net 'DO_11[14]'(source:'promx9_inst_12') in module 'gato_colorido' has no destination
WARN  (PA1001) : Dangling net 'DO_11[15]'(source:'promx9_inst_12') in module 'gato_colorido' has no destination
WARN  (PA1001) : Dangling net 'DO_11[16]'(source:'promx9_inst_12') in module 'gato_colorido' has no destination
WARN  (PA1001) : Dangling net 'DO_11[17]'(source:'promx9_inst_12') in module 'gato_colorido' has no destination
WARN  (PA1001) : Dangling net 'DO_11[18]'(source:'promx9_inst_12') in module 'gato_colorido' has no destination
WARN  (PA1001) : Dangling net 'DO_11[19]'(source:'promx9_inst_12') in module 'gato_colorido' has no destination
WARN  (PA1001) : Dangling net 'DO_11[20]'(source:'promx9_inst_12') in module 'gato_colorido' has no destination
WARN  (PA1001) : Dangling net 'DO_11[21]'(source:'promx9_inst_12') in module 'gato_colorido' has no destination
WARN  (PA1001) : Dangling net 'DO_11[22]'(source:'promx9_inst_12') in module 'gato_colorido' has no destination
WARN  (PA1001) : Dangling net 'DO_11[23]'(source:'promx9_inst_12') in module 'gato_colorido' has no destination
WARN  (PA1001) : Dangling net 'DO_11[24]'(source:'promx9_inst_12') in module 'gato_colorido' has no destination
WARN  (PA1001) : Dangling net 'DO_11[25]'(source:'promx9_inst_12') in module 'gato_colorido' has no destination
WARN  (PA1001) : Dangling net 'DO_11[26]'(source:'promx9_inst_12') in module 'gato_colorido' has no destination
WARN  (PA1001) : Dangling net 'DO_11[27]'(source:'promx9_inst_12') in module 'gato_colorido' has no destination
WARN  (PA1001) : Dangling net 'DO_11[28]'(source:'promx9_inst_12') in module 'gato_colorido' has no destination
WARN  (PA1001) : Dangling net 'DO_11[29]'(source:'promx9_inst_12') in module 'gato_colorido' has no destination
WARN  (PA1001) : Dangling net 'DO_11[30]'(source:'promx9_inst_12') in module 'gato_colorido' has no destination
WARN  (PA1001) : Dangling net 'DO_11[31]'(source:'promx9_inst_12') in module 'gato_colorido' has no destination
WARN  (PA1001) : Dangling net 'DO_11[32]'(source:'promx9_inst_12') in module 'gato_colorido' has no destination
WARN  (PA1001) : Dangling net 'DO_11[33]'(source:'promx9_inst_12') in module 'gato_colorido' has no destination
WARN  (PA1001) : Dangling net 'DO_11[34]'(source:'promx9_inst_12') in module 'gato_colorido' has no destination
WARN  (PA1001) : Dangling net 'DO_11[35]'(source:'promx9_inst_12') in module 'gato_colorido' has no destination
WARN  (PA1001) : Dangling net 'DO_12[9]'(source:'promx9_inst_13') in module 'gato_colorido' has no destination
WARN  (PA1001) : Dangling net 'DO_12[10]'(source:'promx9_inst_13') in module 'gato_colorido' has no destination
WARN  (PA1001) : Dangling net 'DO_12[11]'(source:'promx9_inst_13') in module 'gato_colorido' has no destination
WARN  (PA1001) : Dangling net 'DO_12[12]'(source:'promx9_inst_13') in module 'gato_colorido' has no destination
WARN  (PA1001) : Dangling net 'DO_12[13]'(source:'promx9_inst_13') in module 'gato_colorido' has no destination
WARN  (PA1001) : Dangling net 'DO_12[14]'(source:'promx9_inst_13') in module 'gato_colorido' has no destination
WARN  (PA1001) : Dangling net 'DO_12[15]'(source:'promx9_inst_13') in module 'gato_colorido' has no destination
WARN  (PA1001) : Dangling net 'DO_12[16]'(source:'promx9_inst_13') in module 'gato_colorido' has no destination
WARN  (PA1001) : Dangling net 'DO_12[17]'(source:'promx9_inst_13') in module 'gato_colorido' has no destination
WARN  (PA1001) : Dangling net 'DO_12[18]'(source:'promx9_inst_13') in module 'gato_colorido' has no destination
WARN  (PA1001) : Dangling net 'DO_12[19]'(source:'promx9_inst_13') in module 'gato_colorido' has no destination
WARN  (PA1001) : Dangling net 'DO_12[20]'(source:'promx9_inst_13') in module 'gato_colorido' has no destination
WARN  (PA1001) : Dangling net 'DO_12[21]'(source:'promx9_inst_13') in module 'gato_colorido' has no destination
WARN  (PA1001) : Dangling net 'DO_12[22]'(source:'promx9_inst_13') in module 'gato_colorido' has no destination
WARN  (PA1001) : Dangling net 'DO_12[23]'(source:'promx9_inst_13') in module 'gato_colorido' has no destination
WARN  (PA1001) : Dangling net 'DO_12[24]'(source:'promx9_inst_13') in module 'gato_colorido' has no destination
WARN  (PA1001) : Dangling net 'DO_12[25]'(source:'promx9_inst_13') in module 'gato_colorido' has no destination
WARN  (PA1001) : Dangling net 'DO_12[26]'(source:'promx9_inst_13') in module 'gato_colorido' has no destination
WARN  (PA1001) : Dangling net 'DO_12[27]'(source:'promx9_inst_13') in module 'gato_colorido' has no destination
WARN  (PA1001) : Dangling net 'DO_12[28]'(source:'promx9_inst_13') in module 'gato_colorido' has no destination
WARN  (PA1001) : Dangling net 'DO_12[29]'(source:'promx9_inst_13') in module 'gato_colorido' has no destination
WARN  (PA1001) : Dangling net 'DO_12[30]'(source:'promx9_inst_13') in module 'gato_colorido' has no destination
WARN  (PA1001) : Dangling net 'DO_12[31]'(source:'promx9_inst_13') in module 'gato_colorido' has no destination
WARN  (PA1001) : Dangling net 'DO_12[32]'(source:'promx9_inst_13') in module 'gato_colorido' has no destination
WARN  (PA1001) : Dangling net 'DO_12[33]'(source:'promx9_inst_13') in module 'gato_colorido' has no destination
WARN  (PA1001) : Dangling net 'DO_12[34]'(source:'promx9_inst_13') in module 'gato_colorido' has no destination
WARN  (PA1001) : Dangling net 'DO_12[35]'(source:'promx9_inst_13') in module 'gato_colorido' has no destination
WARN  (PA1001) : Dangling net 'DO_13[9]'(source:'promx9_inst_14') in module 'gato_colorido' has no destination
WARN  (PA1001) : Dangling net 'DO_13[10]'(source:'promx9_inst_14') in module 'gato_colorido' has no destination
WARN  (PA1001) : Dangling net 'DO_13[11]'(source:'promx9_inst_14') in module 'gato_colorido' has no destination
WARN  (PA1001) : Dangling net 'DO_13[12]'(source:'promx9_inst_14') in module 'gato_colorido' has no destination
WARN  (PA1001) : Dangling net 'DO_13[13]'(source:'promx9_inst_14') in module 'gato_colorido' has no destination
WARN  (PA1001) : Dangling net 'DO_13[14]'(source:'promx9_inst_14') in module 'gato_colorido' has no destination
WARN  (PA1001) : Dangling net 'DO_13[15]'(source:'promx9_inst_14') in module 'gato_colorido' has no destination
WARN  (PA1001) : Dangling net 'DO_13[16]'(source:'promx9_inst_14') in module 'gato_colorido' has no destination
WARN  (PA1001) : Dangling net 'DO_13[17]'(source:'promx9_inst_14') in module 'gato_colorido' has no destination
WARN  (PA1001) : Dangling net 'DO_13[18]'(source:'promx9_inst_14') in module 'gato_colorido' has no destination
WARN  (PA1001) : Dangling net 'DO_13[19]'(source:'promx9_inst_14') in module 'gato_colorido' has no destination
WARN  (PA1001) : Dangling net 'DO_13[20]'(source:'promx9_inst_14') in module 'gato_colorido' has no destination
WARN  (PA1001) : Dangling net 'DO_13[21]'(source:'promx9_inst_14') in module 'gato_colorido' has no destination
WARN  (PA1001) : Dangling net 'DO_13[22]'(source:'promx9_inst_14') in module 'gato_colorido' has no destination
WARN  (PA1001) : Dangling net 'DO_13[23]'(source:'promx9_inst_14') in module 'gato_colorido' has no destination
WARN  (PA1001) : Dangling net 'DO_13[24]'(source:'promx9_inst_14') in module 'gato_colorido' has no destination
WARN  (PA1001) : Dangling net 'DO_13[25]'(source:'promx9_inst_14') in module 'gato_colorido' has no destination
WARN  (PA1001) : Dangling net 'DO_13[26]'(source:'promx9_inst_14') in module 'gato_colorido' has no destination
WARN  (PA1001) : Dangling net 'DO_13[27]'(source:'promx9_inst_14') in module 'gato_colorido' has no destination
WARN  (PA1001) : Dangling net 'DO_13[28]'(source:'promx9_inst_14') in module 'gato_colorido' has no destination
WARN  (PA1001) : Dangling net 'DO_13[29]'(source:'promx9_inst_14') in module 'gato_colorido' has no destination
WARN  (PA1001) : Dangling net 'DO_13[30]'(source:'promx9_inst_14') in module 'gato_colorido' has no destination
WARN  (PA1001) : Dangling net 'DO_13[31]'(source:'promx9_inst_14') in module 'gato_colorido' has no destination
WARN  (PA1001) : Dangling net 'DO_13[32]'(source:'promx9_inst_14') in module 'gato_colorido' has no destination
WARN  (PA1001) : Dangling net 'DO_13[33]'(source:'promx9_inst_14') in module 'gato_colorido' has no destination
WARN  (PA1001) : Dangling net 'DO_13[34]'(source:'promx9_inst_14') in module 'gato_colorido' has no destination
WARN  (PA1001) : Dangling net 'DO_13[35]'(source:'promx9_inst_14') in module 'gato_colorido' has no destination
WARN  (PA1001) : Dangling net 'DO_14[9]'(source:'promx9_inst_15') in module 'gato_colorido' has no destination
WARN  (PA1001) : Dangling net 'DO_14[10]'(source:'promx9_inst_15') in module 'gato_colorido' has no destination
WARN  (PA1001) : Dangling net 'DO_14[11]'(source:'promx9_inst_15') in module 'gato_colorido' has no destination
WARN  (PA1001) : Dangling net 'DO_14[12]'(source:'promx9_inst_15') in module 'gato_colorido' has no destination
WARN  (PA1001) : Dangling net 'DO_14[13]'(source:'promx9_inst_15') in module 'gato_colorido' has no destination
WARN  (PA1001) : Dangling net 'DO_14[14]'(source:'promx9_inst_15') in module 'gato_colorido' has no destination
WARN  (PA1001) : Dangling net 'DO_14[15]'(source:'promx9_inst_15') in module 'gato_colorido' has no destination
WARN  (PA1001) : Dangling net 'DO_14[16]'(source:'promx9_inst_15') in module 'gato_colorido' has no destination
WARN  (PA1001) : Dangling net 'DO_14[17]'(source:'promx9_inst_15') in module 'gato_colorido' has no destination
WARN  (PA1001) : Dangling net 'DO_14[18]'(source:'promx9_inst_15') in module 'gato_colorido' has no destination
WARN  (PA1001) : Dangling net 'DO_14[19]'(source:'promx9_inst_15') in module 'gato_colorido' has no destination
WARN  (PA1001) : Dangling net 'DO_14[20]'(source:'promx9_inst_15') in module 'gato_colorido' has no destination
WARN  (PA1001) : Dangling net 'DO_14[21]'(source:'promx9_inst_15') in module 'gato_colorido' has no destination
WARN  (PA1001) : Dangling net 'DO_14[22]'(source:'promx9_inst_15') in module 'gato_colorido' has no destination
WARN  (PA1001) : Dangling net 'DO_14[23]'(source:'promx9_inst_15') in module 'gato_colorido' has no destination
WARN  (PA1001) : Dangling net 'DO_14[24]'(source:'promx9_inst_15') in module 'gato_colorido' has no destination
WARN  (PA1001) : Dangling net 'DO_14[25]'(source:'promx9_inst_15') in module 'gato_colorido' has no destination
WARN  (PA1001) : Dangling net 'DO_14[26]'(source:'promx9_inst_15') in module 'gato_colorido' has no destination
WARN  (PA1001) : Dangling net 'DO_14[27]'(source:'promx9_inst_15') in module 'gato_colorido' has no destination
WARN  (PA1001) : Dangling net 'DO_14[28]'(source:'promx9_inst_15') in module 'gato_colorido' has no destination
WARN  (PA1001) : Dangling net 'DO_14[29]'(source:'promx9_inst_15') in module 'gato_colorido' has no destination
WARN  (PA1001) : Dangling net 'DO_14[30]'(source:'promx9_inst_15') in module 'gato_colorido' has no destination
WARN  (PA1001) : Dangling net 'DO_14[31]'(source:'promx9_inst_15') in module 'gato_colorido' has no destination
WARN  (PA1001) : Dangling net 'DO_14[32]'(source:'promx9_inst_15') in module 'gato_colorido' has no destination
WARN  (PA1001) : Dangling net 'DO_14[33]'(source:'promx9_inst_15') in module 'gato_colorido' has no destination
WARN  (PA1001) : Dangling net 'DO_14[34]'(source:'promx9_inst_15') in module 'gato_colorido' has no destination
WARN  (PA1001) : Dangling net 'DO_14[35]'(source:'promx9_inst_15') in module 'gato_colorido' has no destination
WARN  (PA1001) : Dangling net 'DO_15[9]'(source:'promx9_inst_16') in module 'gato_colorido' has no destination
WARN  (PA1001) : Dangling net 'DO_15[10]'(source:'promx9_inst_16') in module 'gato_colorido' has no destination
WARN  (PA1001) : Dangling net 'DO_15[11]'(source:'promx9_inst_16') in module 'gato_colorido' has no destination
WARN  (PA1001) : Dangling net 'DO_15[12]'(source:'promx9_inst_16') in module 'gato_colorido' has no destination
WARN  (PA1001) : Dangling net 'DO_15[13]'(source:'promx9_inst_16') in module 'gato_colorido' has no destination
WARN  (PA1001) : Dangling net 'DO_15[14]'(source:'promx9_inst_16') in module 'gato_colorido' has no destination
WARN  (PA1001) : Dangling net 'DO_15[15]'(source:'promx9_inst_16') in module 'gato_colorido' has no destination
WARN  (PA1001) : Dangling net 'DO_15[16]'(source:'promx9_inst_16') in module 'gato_colorido' has no destination
WARN  (PA1001) : Dangling net 'DO_15[17]'(source:'promx9_inst_16') in module 'gato_colorido' has no destination
WARN  (PA1001) : Dangling net 'DO_15[18]'(source:'promx9_inst_16') in module 'gato_colorido' has no destination
WARN  (PA1001) : Dangling net 'DO_15[19]'(source:'promx9_inst_16') in module 'gato_colorido' has no destination
WARN  (PA1001) : Dangling net 'DO_15[20]'(source:'promx9_inst_16') in module 'gato_colorido' has no destination
WARN  (PA1001) : Dangling net 'DO_15[21]'(source:'promx9_inst_16') in module 'gato_colorido' has no destination
WARN  (PA1001) : Dangling net 'DO_15[22]'(source:'promx9_inst_16') in module 'gato_colorido' has no destination
WARN  (PA1001) : Dangling net 'DO_15[23]'(source:'promx9_inst_16') in module 'gato_colorido' has no destination
WARN  (PA1001) : Dangling net 'DO_15[24]'(source:'promx9_inst_16') in module 'gato_colorido' has no destination
WARN  (PA1001) : Dangling net 'DO_15[25]'(source:'promx9_inst_16') in module 'gato_colorido' has no destination
WARN  (PA1001) : Dangling net 'DO_15[26]'(source:'promx9_inst_16') in module 'gato_colorido' has no destination
WARN  (PA1001) : Dangling net 'DO_15[27]'(source:'promx9_inst_16') in module 'gato_colorido' has no destination
WARN  (PA1001) : Dangling net 'DO_15[28]'(source:'promx9_inst_16') in module 'gato_colorido' has no destination
WARN  (PA1001) : Dangling net 'DO_15[29]'(source:'promx9_inst_16') in module 'gato_colorido' has no destination
WARN  (PA1001) : Dangling net 'DO_15[30]'(source:'promx9_inst_16') in module 'gato_colorido' has no destination
WARN  (PA1001) : Dangling net 'DO_15[31]'(source:'promx9_inst_16') in module 'gato_colorido' has no destination
WARN  (PA1001) : Dangling net 'DO_15[32]'(source:'promx9_inst_16') in module 'gato_colorido' has no destination
WARN  (PA1001) : Dangling net 'DO_15[33]'(source:'promx9_inst_16') in module 'gato_colorido' has no destination
WARN  (PA1001) : Dangling net 'DO_15[34]'(source:'promx9_inst_16') in module 'gato_colorido' has no destination
WARN  (PA1001) : Dangling net 'DO_15[35]'(source:'promx9_inst_16') in module 'gato_colorido' has no destination
WARN  (PA1001) : Dangling net 'DO_16[9]'(source:'promx9_inst_17') in module 'gato_colorido' has no destination
WARN  (PA1001) : Dangling net 'DO_16[10]'(source:'promx9_inst_17') in module 'gato_colorido' has no destination
WARN  (PA1001) : Dangling net 'DO_16[11]'(source:'promx9_inst_17') in module 'gato_colorido' has no destination
WARN  (PA1001) : Dangling net 'DO_16[12]'(source:'promx9_inst_17') in module 'gato_colorido' has no destination
WARN  (PA1001) : Dangling net 'DO_16[13]'(source:'promx9_inst_17') in module 'gato_colorido' has no destination
WARN  (PA1001) : Dangling net 'DO_16[14]'(source:'promx9_inst_17') in module 'gato_colorido' has no destination
WARN  (PA1001) : Dangling net 'DO_16[15]'(source:'promx9_inst_17') in module 'gato_colorido' has no destination
WARN  (PA1001) : Dangling net 'DO_16[16]'(source:'promx9_inst_17') in module 'gato_colorido' has no destination
WARN  (PA1001) : Dangling net 'DO_16[17]'(source:'promx9_inst_17') in module 'gato_colorido' has no destination
WARN  (PA1001) : Dangling net 'DO_16[18]'(source:'promx9_inst_17') in module 'gato_colorido' has no destination
WARN  (PA1001) : Dangling net 'DO_16[19]'(source:'promx9_inst_17') in module 'gato_colorido' has no destination
WARN  (PA1001) : Dangling net 'DO_16[20]'(source:'promx9_inst_17') in module 'gato_colorido' has no destination
WARN  (PA1001) : Dangling net 'DO_16[21]'(source:'promx9_inst_17') in module 'gato_colorido' has no destination
WARN  (PA1001) : Dangling net 'DO_16[22]'(source:'promx9_inst_17') in module 'gato_colorido' has no destination
WARN  (PA1001) : Dangling net 'DO_16[23]'(source:'promx9_inst_17') in module 'gato_colorido' has no destination
WARN  (PA1001) : Dangling net 'DO_16[24]'(source:'promx9_inst_17') in module 'gato_colorido' has no destination
WARN  (PA1001) : Dangling net 'DO_16[25]'(source:'promx9_inst_17') in module 'gato_colorido' has no destination
WARN  (PA1001) : Dangling net 'DO_16[26]'(source:'promx9_inst_17') in module 'gato_colorido' has no destination
WARN  (PA1001) : Dangling net 'DO_16[27]'(source:'promx9_inst_17') in module 'gato_colorido' has no destination
WARN  (PA1001) : Dangling net 'DO_16[28]'(source:'promx9_inst_17') in module 'gato_colorido' has no destination
WARN  (PA1001) : Dangling net 'DO_16[29]'(source:'promx9_inst_17') in module 'gato_colorido' has no destination
WARN  (PA1001) : Dangling net 'DO_16[30]'(source:'promx9_inst_17') in module 'gato_colorido' has no destination
WARN  (PA1001) : Dangling net 'DO_16[31]'(source:'promx9_inst_17') in module 'gato_colorido' has no destination
WARN  (PA1001) : Dangling net 'DO_16[32]'(source:'promx9_inst_17') in module 'gato_colorido' has no destination
WARN  (PA1001) : Dangling net 'DO_16[33]'(source:'promx9_inst_17') in module 'gato_colorido' has no destination
WARN  (PA1001) : Dangling net 'DO_16[34]'(source:'promx9_inst_17') in module 'gato_colorido' has no destination
WARN  (PA1001) : Dangling net 'DO_16[35]'(source:'promx9_inst_17') in module 'gato_colorido' has no destination
WARN  (PA1001) : Dangling net 'DO_17[18]'(source:'promx9_inst_18') in module 'gato_colorido' has no destination
WARN  (PA1001) : Dangling net 'DO_17[19]'(source:'promx9_inst_18') in module 'gato_colorido' has no destination
WARN  (PA1001) : Dangling net 'DO_17[20]'(source:'promx9_inst_18') in module 'gato_colorido' has no destination
WARN  (PA1001) : Dangling net 'DO_17[21]'(source:'promx9_inst_18') in module 'gato_colorido' has no destination
WARN  (PA1001) : Dangling net 'DO_17[22]'(source:'promx9_inst_18') in module 'gato_colorido' has no destination
WARN  (PA1001) : Dangling net 'DO_17[23]'(source:'promx9_inst_18') in module 'gato_colorido' has no destination
WARN  (PA1001) : Dangling net 'DO_17[24]'(source:'promx9_inst_18') in module 'gato_colorido' has no destination
WARN  (PA1001) : Dangling net 'DO_17[25]'(source:'promx9_inst_18') in module 'gato_colorido' has no destination
WARN  (PA1001) : Dangling net 'DO_17[26]'(source:'promx9_inst_18') in module 'gato_colorido' has no destination
WARN  (PA1001) : Dangling net 'DO_17[27]'(source:'promx9_inst_18') in module 'gato_colorido' has no destination
WARN  (PA1001) : Dangling net 'DO_17[28]'(source:'promx9_inst_18') in module 'gato_colorido' has no destination
WARN  (PA1001) : Dangling net 'DO_17[29]'(source:'promx9_inst_18') in module 'gato_colorido' has no destination
WARN  (PA1001) : Dangling net 'DO_17[30]'(source:'promx9_inst_18') in module 'gato_colorido' has no destination
WARN  (PA1001) : Dangling net 'DO_17[31]'(source:'promx9_inst_18') in module 'gato_colorido' has no destination
WARN  (PA1001) : Dangling net 'DO_17[32]'(source:'promx9_inst_18') in module 'gato_colorido' has no destination
WARN  (PA1001) : Dangling net 'DO_17[33]'(source:'promx9_inst_18') in module 'gato_colorido' has no destination
WARN  (PA1001) : Dangling net 'DO_17[34]'(source:'promx9_inst_18') in module 'gato_colorido' has no destination
WARN  (PA1001) : Dangling net 'DO_17[35]'(source:'promx9_inst_18') in module 'gato_colorido' has no destination
WARN  (PA1001) : Dangling net 'DO[1]'(source:'prom_inst_0') in module 'sprites' has no destination
WARN  (PA1001) : Dangling net 'DO[2]'(source:'prom_inst_0') in module 'sprites' has no destination
WARN  (PA1001) : Dangling net 'DO[3]'(source:'prom_inst_0') in module 'sprites' has no destination
WARN  (PA1001) : Dangling net 'DO[4]'(source:'prom_inst_0') in module 'sprites' has no destination
WARN  (PA1001) : Dangling net 'DO[5]'(source:'prom_inst_0') in module 'sprites' has no destination
WARN  (PA1001) : Dangling net 'DO[6]'(source:'prom_inst_0') in module 'sprites' has no destination
WARN  (PA1001) : Dangling net 'DO[7]'(source:'prom_inst_0') in module 'sprites' has no destination
WARN  (PA1001) : Dangling net 'DO[8]'(source:'prom_inst_0') in module 'sprites' has no destination
WARN  (PA1001) : Dangling net 'DO[9]'(source:'prom_inst_0') in module 'sprites' has no destination
WARN  (PA1001) : Dangling net 'DO[10]'(source:'prom_inst_0') in module 'sprites' has no destination
WARN  (PA1001) : Dangling net 'DO[11]'(source:'prom_inst_0') in module 'sprites' has no destination
WARN  (PA1001) : Dangling net 'DO[12]'(source:'prom_inst_0') in module 'sprites' has no destination
WARN  (PA1001) : Dangling net 'DO[13]'(source:'prom_inst_0') in module 'sprites' has no destination
WARN  (PA1001) : Dangling net 'DO[14]'(source:'prom_inst_0') in module 'sprites' has no destination
WARN  (PA1001) : Dangling net 'DO[15]'(source:'prom_inst_0') in module 'sprites' has no destination
WARN  (PA1001) : Dangling net 'DO[16]'(source:'prom_inst_0') in module 'sprites' has no destination
WARN  (PA1001) : Dangling net 'DO[17]'(source:'prom_inst_0') in module 'sprites' has no destination
WARN  (PA1001) : Dangling net 'DO[18]'(source:'prom_inst_0') in module 'sprites' has no destination
WARN  (PA1001) : Dangling net 'DO[19]'(source:'prom_inst_0') in module 'sprites' has no destination
WARN  (PA1001) : Dangling net 'DO[20]'(source:'prom_inst_0') in module 'sprites' has no destination
WARN  (PA1001) : Dangling net 'DO[21]'(source:'prom_inst_0') in module 'sprites' has no destination
WARN  (PA1001) : Dangling net 'DO[22]'(source:'prom_inst_0') in module 'sprites' has no destination
WARN  (PA1001) : Dangling net 'DO[23]'(source:'prom_inst_0') in module 'sprites' has no destination
WARN  (PA1001) : Dangling net 'DO[24]'(source:'prom_inst_0') in module 'sprites' has no destination
WARN  (PA1001) : Dangling net 'DO[25]'(source:'prom_inst_0') in module 'sprites' has no destination
WARN  (PA1001) : Dangling net 'DO[26]'(source:'prom_inst_0') in module 'sprites' has no destination
WARN  (PA1001) : Dangling net 'DO[27]'(source:'prom_inst_0') in module 'sprites' has no destination
WARN  (PA1001) : Dangling net 'DO[28]'(source:'prom_inst_0') in module 'sprites' has no destination
WARN  (PA1001) : Dangling net 'DO[29]'(source:'prom_inst_0') in module 'sprites' has no destination
WARN  (PA1001) : Dangling net 'DO[30]'(source:'prom_inst_0') in module 'sprites' has no destination
WARN  (PA1001) : Dangling net 'DO[31]'(source:'prom_inst_0') in module 'sprites' has no destination
WARN  (PA1001) : Dangling net 'DO_0[1]'(source:'prom_inst_1') in module 'sprites' has no destination
WARN  (PA1001) : Dangling net 'DO_0[2]'(source:'prom_inst_1') in module 'sprites' has no destination
WARN  (PA1001) : Dangling net 'DO_0[3]'(source:'prom_inst_1') in module 'sprites' has no destination
WARN  (PA1001) : Dangling net 'DO_0[4]'(source:'prom_inst_1') in module 'sprites' has no destination
WARN  (PA1001) : Dangling net 'DO_0[5]'(source:'prom_inst_1') in module 'sprites' has no destination
WARN  (PA1001) : Dangling net 'DO_0[6]'(source:'prom_inst_1') in module 'sprites' has no destination
WARN  (PA1001) : Dangling net 'DO_0[7]'(source:'prom_inst_1') in module 'sprites' has no destination
WARN  (PA1001) : Dangling net 'DO_0[8]'(source:'prom_inst_1') in module 'sprites' has no destination
WARN  (PA1001) : Dangling net 'DO_0[9]'(source:'prom_inst_1') in module 'sprites' has no destination
WARN  (PA1001) : Dangling net 'DO_0[10]'(source:'prom_inst_1') in module 'sprites' has no destination
WARN  (PA1001) : Dangling net 'DO_0[11]'(source:'prom_inst_1') in module 'sprites' has no destination
WARN  (PA1001) : Dangling net 'DO_0[12]'(source:'prom_inst_1') in module 'sprites' has no destination
WARN  (PA1001) : Dangling net 'DO_0[13]'(source:'prom_inst_1') in module 'sprites' has no destination
WARN  (PA1001) : Dangling net 'DO_0[14]'(source:'prom_inst_1') in module 'sprites' has no destination
WARN  (PA1001) : Dangling net 'DO_0[15]'(source:'prom_inst_1') in module 'sprites' has no destination
WARN  (PA1001) : Dangling net 'DO_0[16]'(source:'prom_inst_1') in module 'sprites' has no destination
WARN  (PA1001) : Dangling net 'DO_0[17]'(source:'prom_inst_1') in module 'sprites' has no destination
WARN  (PA1001) : Dangling net 'DO_0[18]'(source:'prom_inst_1') in module 'sprites' has no destination
WARN  (PA1001) : Dangling net 'DO_0[19]'(source:'prom_inst_1') in module 'sprites' has no destination
WARN  (PA1001) : Dangling net 'DO_0[20]'(source:'prom_inst_1') in module 'sprites' has no destination
WARN  (PA1001) : Dangling net 'DO_0[21]'(source:'prom_inst_1') in module 'sprites' has no destination
WARN  (PA1001) : Dangling net 'DO_0[22]'(source:'prom_inst_1') in module 'sprites' has no destination
WARN  (PA1001) : Dangling net 'DO_0[23]'(source:'prom_inst_1') in module 'sprites' has no destination
WARN  (PA1001) : Dangling net 'DO_0[24]'(source:'prom_inst_1') in module 'sprites' has no destination
WARN  (PA1001) : Dangling net 'DO_0[25]'(source:'prom_inst_1') in module 'sprites' has no destination
WARN  (PA1001) : Dangling net 'DO_0[26]'(source:'prom_inst_1') in module 'sprites' has no destination
WARN  (PA1001) : Dangling net 'DO_0[27]'(source:'prom_inst_1') in module 'sprites' has no destination
WARN  (PA1001) : Dangling net 'DO_0[28]'(source:'prom_inst_1') in module 'sprites' has no destination
WARN  (PA1001) : Dangling net 'DO_0[29]'(source:'prom_inst_1') in module 'sprites' has no destination
WARN  (PA1001) : Dangling net 'DO_0[30]'(source:'prom_inst_1') in module 'sprites' has no destination
WARN  (PA1001) : Dangling net 'DO_0[31]'(source:'prom_inst_1') in module 'sprites' has no destination
WARN  (PA1001) : Dangling net 'DO_1[2]'(source:'prom_inst_2') in module 'sprites' has no destination
WARN  (PA1001) : Dangling net 'DO_1[3]'(source:'prom_inst_2') in module 'sprites' has no destination
WARN  (PA1001) : Dangling net 'DO_1[4]'(source:'prom_inst_2') in module 'sprites' has no destination
WARN  (PA1001) : Dangling net 'DO_1[5]'(source:'prom_inst_2') in module 'sprites' has no destination
WARN  (PA1001) : Dangling net 'DO_1[6]'(source:'prom_inst_2') in module 'sprites' has no destination
WARN  (PA1001) : Dangling net 'DO_1[7]'(source:'prom_inst_2') in module 'sprites' has no destination
WARN  (PA1001) : Dangling net 'DO_1[8]'(source:'prom_inst_2') in module 'sprites' has no destination
WARN  (PA1001) : Dangling net 'DO_1[9]'(source:'prom_inst_2') in module 'sprites' has no destination
WARN  (PA1001) : Dangling net 'DO_1[10]'(source:'prom_inst_2') in module 'sprites' has no destination
WARN  (PA1001) : Dangling net 'DO_1[11]'(source:'prom_inst_2') in module 'sprites' has no destination
WARN  (PA1001) : Dangling net 'DO_1[12]'(source:'prom_inst_2') in module 'sprites' has no destination
WARN  (PA1001) : Dangling net 'DO_1[13]'(source:'prom_inst_2') in module 'sprites' has no destination
WARN  (PA1001) : Dangling net 'DO_1[14]'(source:'prom_inst_2') in module 'sprites' has no destination
WARN  (PA1001) : Dangling net 'DO_1[15]'(source:'prom_inst_2') in module 'sprites' has no destination
WARN  (PA1001) : Dangling net 'DO_1[16]'(source:'prom_inst_2') in module 'sprites' has no destination
WARN  (PA1001) : Dangling net 'DO_1[17]'(source:'prom_inst_2') in module 'sprites' has no destination
WARN  (PA1001) : Dangling net 'DO_1[18]'(source:'prom_inst_2') in module 'sprites' has no destination
WARN  (PA1001) : Dangling net 'DO_1[19]'(source:'prom_inst_2') in module 'sprites' has no destination
WARN  (PA1001) : Dangling net 'DO_1[20]'(source:'prom_inst_2') in module 'sprites' has no destination
WARN  (PA1001) : Dangling net 'DO_1[21]'(source:'prom_inst_2') in module 'sprites' has no destination
WARN  (PA1001) : Dangling net 'DO_1[22]'(source:'prom_inst_2') in module 'sprites' has no destination
WARN  (PA1001) : Dangling net 'DO_1[23]'(source:'prom_inst_2') in module 'sprites' has no destination
WARN  (PA1001) : Dangling net 'DO_1[24]'(source:'prom_inst_2') in module 'sprites' has no destination
WARN  (PA1001) : Dangling net 'DO_1[25]'(source:'prom_inst_2') in module 'sprites' has no destination
WARN  (PA1001) : Dangling net 'DO_1[26]'(source:'prom_inst_2') in module 'sprites' has no destination
WARN  (PA1001) : Dangling net 'DO_1[27]'(source:'prom_inst_2') in module 'sprites' has no destination
WARN  (PA1001) : Dangling net 'DO_1[28]'(source:'prom_inst_2') in module 'sprites' has no destination
WARN  (PA1001) : Dangling net 'DO_1[29]'(source:'prom_inst_2') in module 'sprites' has no destination
WARN  (PA1001) : Dangling net 'DO_1[30]'(source:'prom_inst_2') in module 'sprites' has no destination
WARN  (PA1001) : Dangling net 'DO_1[31]'(source:'prom_inst_2') in module 'sprites' has no destination
Processing netlist completed
Reading constraint file: "C:\Users\gusta\OneDrive\Documentos\Projetos_Quartus\telinha_labirinto\src\telinha_labirinto.cst"
Physical Constraint parsed completed
Running placement......
[10%] Placement Phase 0 completed
[20%] Placement Phase 1 completed
[30%] Placement Phase 2 completed
WARN  (TA1117) : Can't calculate clocks' relationship between: "pll/rpll_inst/CLKOUT.default_gen_clk" and "s_entrada_fim_jogo"
WARN  (TA1117) : Can't calculate clocks' relationship between: "pll/rpll_inst/CLKOUT.default_gen_clk" and "n340_6"
WARN  (TA1117) : Can't calculate clocks' relationship between: "s_clock_3" and "pll/rpll_inst/CLKOUT.default_gen_clk"
WARN  (TA1117) : Can't calculate clocks' relationship between: "pll/rpll_inst/CLKOUT.default_gen_clk" and "s_clock_3"
WARN  (TA1117) : Can't calculate clocks' relationship between: "s_entrada_fim_jogo" and "pll/rpll_inst/CLKOUT.default_gen_clk"
WARN  (TA1117) : Can't calculate clocks' relationship between: "n956_8" and "pll/rpll_inst/CLKOUT.default_gen_clk"
[50%] Placement Phase 3 completed
Running routing......
[60%] Routing Phase 0 completed
[70%] Routing Phase 1 completed
[80%] Routing Phase 2 completed
[90%] Routing Phase 3 completed
Running timing analysis......
[95%] Timing analysis completed
Placement and routing completed
Bitstream generation in progress......
Bitstream generation completed
Running power analysis......
[100%] Power analysis completed
Generate file "C:\Users\gusta\OneDrive\Documentos\Projetos_Quartus\telinha_labirinto\impl\pnr\telinha_labirinto.power.html" completed
Generate file "C:\Users\gusta\OneDrive\Documentos\Projetos_Quartus\telinha_labirinto\impl\pnr\telinha_labirinto.pin.html" completed
Generate file "C:\Users\gusta\OneDrive\Documentos\Projetos_Quartus\telinha_labirinto\impl\pnr\telinha_labirinto.rpt.html" completed
Generate file "C:\Users\gusta\OneDrive\Documentos\Projetos_Quartus\telinha_labirinto\impl\pnr\telinha_labirinto.rpt.txt" completed
Generate file "C:\Users\gusta\OneDrive\Documentos\Projetos_Quartus\telinha_labirinto\impl\pnr\telinha_labirinto.sdf" completed
Generate file "C:\Users\gusta\OneDrive\Documentos\Projetos_Quartus\telinha_labirinto\impl\pnr\telinha_labirinto.tr.html" completed
Generate file "C:\Users\gusta\OneDrive\Documentos\Projetos_Quartus\telinha_labirinto\impl\pnr\telinha_labirinto.posp" completed
Generate file "C:\Users\gusta\OneDrive\Documentos\Projetos_Quartus\telinha_labirinto\impl\pnr\telinha_labirinto.ibs" completed
Thu Dec 15 23:32:22 2022

