Flow report for display_cyclone_2
Fri Dec 16 12:23:55 2022
Quartus II 64-Bit Version 13.0.1 Build 232 06/12/2013 Service Pack 1 SJ Web Edition


---------------------
; Table of Contents ;
---------------------
  1. Legal Notice
  2. Flow Summary
  3. Flow Settings
  4. Flow Non-Default Global Settings
  5. Flow Elapsed Time
  6. Flow OS Summary
  7. Flow Log
  8. Flow Messages
  9. Flow Suppressed Messages



----------------
; Legal Notice ;
----------------
Copyright (C) 1991-2013 Altera Corporation
Your use of Altera Corporation's design tools, logic functions 
and other software and tools, and its AMPP partner logic 
functions, and any output files from any of the foregoing 
(including device programming or simulation files), and any 
associated documentation or information are expressly subject 
to the terms and conditions of the Altera Program License 
Subscription Agreement, Altera MegaCore Function License 
Agreement, or other applicable license agreement, including, 
without limitation, that your use is for the sole purpose of 
programming logic devices manufactured by Altera and sold by 
Altera or its authorized distributors.  Please refer to the 
applicable agreement for further details.



+--------------------------------------------------------------------------------------+
; Flow Summary                                                                         ;
+------------------------------------+-------------------------------------------------+
; Flow Status                        ; Successful - Fri Dec 16 12:23:55 2022           ;
; Quartus II 64-Bit Version          ; 13.0.1 Build 232 06/12/2013 SP 1 SJ Web Edition ;
; Revision Name                      ; display_cyclone_2                               ;
; Top-level Entity Name              ; top                                             ;
; Family                             ; Cyclone II                                      ;
; Device                             ; EP2C20F484C7                                    ;
; Timing Models                      ; Final                                           ;
; Total logic elements               ; 1,372 / 18,752 ( 7 % )                          ;
;     Total combinational functions  ; 1,363 / 18,752 ( 7 % )                          ;
;     Dedicated logic registers      ; 161 / 18,752 ( < 1 % )                          ;
; Total registers                    ; 161                                             ;
; Total pins                         ; 7 / 315 ( 2 % )                                 ;
; Total virtual pins                 ; 0                                               ;
; Total memory bits                  ; 86,400 / 239,616 ( 36 % )                       ;
; Embedded Multiplier 9-bit elements ; 0 / 52 ( 0 % )                                  ;
; Total PLLs                         ; 0 / 4 ( 0 % )                                   ;
+------------------------------------+-------------------------------------------------+


+-----------------------------------------+
; Flow Settings                           ;
+-------------------+---------------------+
; Option            ; Setting             ;
+-------------------+---------------------+
; Start date & time ; 12/16/2022 12:23:29 ;
; Main task         ; Compilation         ;
; Revision Name     ; display_cyclone_2   ;
+-------------------+---------------------+


+--------------------------------------------------------------------------------------------------------------------------+
; Flow Non-Default Global Settings                                                                                         ;
+-------------------------------------+---------------------------------+-------------------+-------------+----------------+
; Assignment Name                     ; Value                           ; Default Value     ; Entity Name ; Section Id     ;
+-------------------------------------+---------------------------------+-------------------+-------------+----------------+
; COMPILER_SIGNATURE_ID               ; 154691454338545.167120420920520 ; --                ; --          ; --             ;
; EDA_OUTPUT_DATA_FORMAT              ; Vhdl                            ; --                ; --          ; eda_simulation ;
; EDA_SIMULATION_TOOL                 ; ModelSim-Altera (VHDL)          ; <None>            ; --          ; --             ;
; IP_TOOL_NAME                        ; LPM_COUNTER                     ; --                ; --          ; --             ;
; IP_TOOL_NAME                        ; LPM_COMPARE                     ; --                ; --          ; --             ;
; IP_TOOL_NAME                        ; ROM: 1-PORT                     ; --                ; --          ; --             ;
; IP_TOOL_VERSION                     ; 13.0                            ; --                ; --          ; --             ;
; IP_TOOL_VERSION                     ; 13.0                            ; --                ; --          ; --             ;
; IP_TOOL_VERSION                     ; 13.0                            ; --                ; --          ; --             ;
; MAX_CORE_JUNCTION_TEMP              ; 85                              ; --                ; --          ; --             ;
; MIN_CORE_JUNCTION_TEMP              ; 0                               ; --                ; --          ; --             ;
; MISC_FILE                           ; lpm_counter0.bsf                ; --                ; --          ; --             ;
; MISC_FILE                           ; lpm_counter0.cmp                ; --                ; --          ; --             ;
; MISC_FILE                           ; lpm_compare0.bsf                ; --                ; --          ; --             ;
; MISC_FILE                           ; lpm_compare0.cmp                ; --                ; --          ; --             ;
; MISC_FILE                           ; rom_imagem.bsf                  ; --                ; --          ; --             ;
; MISC_FILE                           ; rom_imagem.cmp                  ; --                ; --          ; --             ;
; PARTITION_COLOR                     ; 16764057                        ; --                ; top         ; Top            ;
; PARTITION_FITTER_PRESERVATION_LEVEL ; PLACEMENT_AND_ROUTING           ; --                ; top         ; Top            ;
; PARTITION_NETLIST_TYPE              ; SOURCE                          ; --                ; top         ; Top            ;
; PROJECT_OUTPUT_DIRECTORY            ; output_files                    ; --                ; --          ; --             ;
; TOP_LEVEL_ENTITY                    ; top                             ; display_cyclone_2 ; --          ; --             ;
+-------------------------------------+---------------------------------+-------------------+-------------+----------------+


+-------------------------------------------------------------------------------------------------------------------------------+
; Flow Elapsed Time                                                                                                             ;
+---------------------------+--------------+-------------------------+---------------------+------------------------------------+
; Module Name               ; Elapsed Time ; Average Processors Used ; Peak Virtual Memory ; Total CPU Time (on all processors) ;
+---------------------------+--------------+-------------------------+---------------------+------------------------------------+
; Analysis & Synthesis      ; 00:00:06     ; 1.0                     ; 4701 MB             ; 00:00:05                           ;
; Fitter                    ; 00:00:13     ; 1.0                     ; 4854 MB             ; 00:00:13                           ;
; Assembler                 ; 00:00:01     ; 1.0                     ; 4550 MB             ; 00:00:01                           ;
; TimeQuest Timing Analyzer ; 00:00:03     ; 1.0                     ; 4594 MB             ; 00:00:02                           ;
; EDA Netlist Writer        ; 00:00:01     ; 1.0                     ; 4531 MB             ; 00:00:01                           ;
; Total                     ; 00:00:24     ; --                      ; --                  ; 00:00:22                           ;
+---------------------------+--------------+-------------------------+---------------------+------------------------------------+


+----------------------------------------------------------------------------------------+
; Flow OS Summary                                                                        ;
+---------------------------+------------------+-----------+------------+----------------+
; Module Name               ; Machine Hostname ; OS Name   ; OS Version ; Processor type ;
+---------------------------+------------------+-----------+------------+----------------+
; Analysis & Synthesis      ; gusta            ; Windows 7 ; 6.2        ; x86_64         ;
; Fitter                    ; gusta            ; Windows 7 ; 6.2        ; x86_64         ;
; Assembler                 ; gusta            ; Windows 7 ; 6.2        ; x86_64         ;
; TimeQuest Timing Analyzer ; gusta            ; Windows 7 ; 6.2        ; x86_64         ;
; EDA Netlist Writer        ; gusta            ; Windows 7 ; 6.2        ; x86_64         ;
+---------------------------+------------------+-----------+------------+----------------+


------------
; Flow Log ;
------------
quartus_map --read_settings_files=on --write_settings_files=off display_cyclone_2 -c display_cyclone_2
quartus_fit --read_settings_files=off --write_settings_files=off display_cyclone_2 -c display_cyclone_2
quartus_asm --read_settings_files=off --write_settings_files=off display_cyclone_2 -c display_cyclone_2
quartus_sta display_cyclone_2 -c display_cyclone_2
quartus_eda --read_settings_files=off --write_settings_files=off display_cyclone_2 -c display_cyclone_2



