Analysis & Synthesis report for display_cyclone_2
Fri Dec 16 12:23:34 2022
Quartus II 64-Bit Version 13.0.1 Build 232 06/12/2013 Service Pack 1 SJ Web Edition


---------------------
; Table of Contents ;
---------------------
  1. Legal Notice
  2. Analysis & Synthesis Summary
  3. Analysis & Synthesis Settings
  4. Parallel Compilation
  5. Analysis & Synthesis Source Files Read
  6. Analysis & Synthesis Resource Usage Summary
  7. Analysis & Synthesis Resource Utilization by Entity
  8. Analysis & Synthesis RAM Summary
  9. Analysis & Synthesis IP Cores Summary
 10. Registers Removed During Synthesis
 11. Removed Registers Triggering Further Register Optimizations
 12. General Register Statistics
 13. Inverted Register Statistics
 14. Source assignments for rom_imagem:inst3|altsyncram:altsyncram_component|altsyncram_k8c1:auto_generated
 15. Parameter Settings for User Entity Instance: comandos_sequencia:inst
 16. Parameter Settings for User Entity Instance: comandos_sequencia:inst|spi_transmissao_byte:spi0
 17. Parameter Settings for User Entity Instance: comandos_sequencia:inst|spi_transmissao_byte:spi0|divisor:div0
 18. Parameter Settings for User Entity Instance: memoria_para_display:inst2
 19. Parameter Settings for User Entity Instance: memoria_para_display:inst2|divisor:div0
 20. Parameter Settings for User Entity Instance: rom_imagem:inst3|altsyncram:altsyncram_component
 21. Parameter Settings for Inferred Entity Instance: memoria_para_display:inst2|lpm_divide:Div1
 22. Parameter Settings for Inferred Entity Instance: memoria_para_display:inst2|lpm_divide:Div2
 23. altsyncram Parameter Settings by Entity Instance
 24. Port Connectivity Checks: "comandos_sequencia:inst|spi_transmissao_byte:spi0"
 25. Elapsed Time Per Partition
 26. Analysis & Synthesis Equations
 27. Analysis & Synthesis Messages



----------------
; Legal Notice ;
----------------
Copyright (C) 1991-2013 Altera Corporation
Your use of Altera Corporation's design tools, logic functions 
and other software and tools, and its AMPP partner logic 
functions, and any output files from any of the foregoing 
(including device programming or simulation files), and any 
associated documentation or information are expressly subject 
to the terms and conditions of the Altera Program License 
Subscription Agreement, Altera MegaCore Function License 
Agreement, or other applicable license agreement, including, 
without limitation, that your use is for the sole purpose of 
programming logic devices manufactured by Altera and sold by 
Altera or its authorized distributors.  Please refer to the 
applicable agreement for further details.



+--------------------------------------------------------------------------------------+
; Analysis & Synthesis Summary                                                         ;
+------------------------------------+-------------------------------------------------+
; Analysis & Synthesis Status        ; Successful - Fri Dec 16 12:23:34 2022           ;
; Quartus II 64-Bit Version          ; 13.0.1 Build 232 06/12/2013 SP 1 SJ Web Edition ;
; Revision Name                      ; display_cyclone_2                               ;
; Top-level Entity Name              ; top                                             ;
; Family                             ; Cyclone II                                      ;
; Total logic elements               ; 1,373                                           ;
;     Total combinational functions  ; 1,361                                           ;
;     Dedicated logic registers      ; 161                                             ;
; Total registers                    ; 161                                             ;
; Total pins                         ; 7                                               ;
; Total virtual pins                 ; 0                                               ;
; Total memory bits                  ; 86,400                                          ;
; Embedded Multiplier 9-bit elements ; 0                                               ;
; Total PLLs                         ; 0                                               ;
+------------------------------------+-------------------------------------------------+


+----------------------------------------------------------------------------------------------------------------------+
; Analysis & Synthesis Settings                                                                                        ;
+----------------------------------------------------------------------------+--------------------+--------------------+
; Option                                                                     ; Setting            ; Default Value      ;
+----------------------------------------------------------------------------+--------------------+--------------------+
; Device                                                                     ; EP2C20F484C7       ;                    ;
; Top-level entity name                                                      ; top                ; display_cyclone_2  ;
; Family name                                                                ; Cyclone II         ; Cyclone IV GX      ;
; Use smart compilation                                                      ; Off                ; Off                ;
; Enable parallel Assembler and TimeQuest Timing Analyzer during compilation ; On                 ; On                 ;
; Enable compact report table                                                ; Off                ; Off                ;
; Restructure Multiplexers                                                   ; Auto               ; Auto               ;
; Create Debugging Nodes for IP Cores                                        ; Off                ; Off                ;
; Preserve fewer node names                                                  ; On                 ; On                 ;
; Disable OpenCore Plus hardware evaluation                                  ; Off                ; Off                ;
; Verilog Version                                                            ; Verilog_2001       ; Verilog_2001       ;
; VHDL Version                                                               ; VHDL_1993          ; VHDL_1993          ;
; State Machine Processing                                                   ; Auto               ; Auto               ;
; Safe State Machine                                                         ; Off                ; Off                ;
; Extract Verilog State Machines                                             ; On                 ; On                 ;
; Extract VHDL State Machines                                                ; On                 ; On                 ;
; Ignore Verilog initial constructs                                          ; Off                ; Off                ;
; Iteration limit for constant Verilog loops                                 ; 5000               ; 5000               ;
; Iteration limit for non-constant Verilog loops                             ; 250                ; 250                ;
; Add Pass-Through Logic to Inferred RAMs                                    ; On                 ; On                 ;
; Infer RAMs from Raw Logic                                                  ; On                 ; On                 ;
; Parallel Synthesis                                                         ; On                 ; On                 ;
; DSP Block Balancing                                                        ; Auto               ; Auto               ;
; NOT Gate Push-Back                                                         ; On                 ; On                 ;
; Power-Up Don't Care                                                        ; On                 ; On                 ;
; Remove Redundant Logic Cells                                               ; Off                ; Off                ;
; Remove Duplicate Registers                                                 ; On                 ; On                 ;
; Ignore CARRY Buffers                                                       ; Off                ; Off                ;
; Ignore CASCADE Buffers                                                     ; Off                ; Off                ;
; Ignore GLOBAL Buffers                                                      ; Off                ; Off                ;
; Ignore ROW GLOBAL Buffers                                                  ; Off                ; Off                ;
; Ignore LCELL Buffers                                                       ; Off                ; Off                ;
; Ignore SOFT Buffers                                                        ; On                 ; On                 ;
; Limit AHDL Integers to 32 Bits                                             ; Off                ; Off                ;
; Optimization Technique                                                     ; Balanced           ; Balanced           ;
; Carry Chain Length                                                         ; 70                 ; 70                 ;
; Auto Carry Chains                                                          ; On                 ; On                 ;
; Auto Open-Drain Pins                                                       ; On                 ; On                 ;
; Perform WYSIWYG Primitive Resynthesis                                      ; Off                ; Off                ;
; Auto ROM Replacement                                                       ; On                 ; On                 ;
; Auto RAM Replacement                                                       ; On                 ; On                 ;
; Auto Shift Register Replacement                                            ; Auto               ; Auto               ;
; Allow Shift Register Merging across Hierarchies                            ; Auto               ; Auto               ;
; Auto Clock Enable Replacement                                              ; On                 ; On                 ;
; Strict RAM Replacement                                                     ; Off                ; Off                ;
; Allow Synchronous Control Signals                                          ; On                 ; On                 ;
; Force Use of Synchronous Clear Signals                                     ; Off                ; Off                ;
; Auto RAM to Logic Cell Conversion                                          ; Off                ; Off                ;
; Auto Resource Sharing                                                      ; Off                ; Off                ;
; Allow Any RAM Size For Recognition                                         ; Off                ; Off                ;
; Allow Any ROM Size For Recognition                                         ; Off                ; Off                ;
; Allow Any Shift Register Size For Recognition                              ; Off                ; Off                ;
; Use LogicLock Constraints during Resource Balancing                        ; On                 ; On                 ;
; Ignore translate_off and synthesis_off directives                          ; Off                ; Off                ;
; Timing-Driven Synthesis                                                    ; Off                ; Off                ;
; Report Parameter Settings                                                  ; On                 ; On                 ;
; Report Source Assignments                                                  ; On                 ; On                 ;
; Report Connectivity Checks                                                 ; On                 ; On                 ;
; Ignore Maximum Fan-Out Assignments                                         ; Off                ; Off                ;
; Synchronization Register Chain Length                                      ; 2                  ; 2                  ;
; PowerPlay Power Optimization                                               ; Normal compilation ; Normal compilation ;
; HDL message level                                                          ; Level2             ; Level2             ;
; Suppress Register Optimization Related Messages                            ; Off                ; Off                ;
; Number of Removed Registers Reported in Synthesis Report                   ; 5000               ; 5000               ;
; Number of Swept Nodes Reported in Synthesis Report                         ; 5000               ; 5000               ;
; Number of Inverted Registers Reported in Synthesis Report                  ; 100                ; 100                ;
; Clock MUX Protection                                                       ; On                 ; On                 ;
; Auto Gated Clock Conversion                                                ; Off                ; Off                ;
; Block Design Naming                                                        ; Auto               ; Auto               ;
; SDC constraint protection                                                  ; Off                ; Off                ;
; Synthesis Effort                                                           ; Auto               ; Auto               ;
; Shift Register Replacement - Allow Asynchronous Clear Signal               ; On                 ; On                 ;
; Pre-Mapping Resynthesis Optimization                                       ; Off                ; Off                ;
; Analysis & Synthesis Message Level                                         ; Medium             ; Medium             ;
; Disable Register Merging Across Hierarchies                                ; Auto               ; Auto               ;
; Resource Aware Inference For Block RAM                                     ; On                 ; On                 ;
; Synthesis Seed                                                             ; 1                  ; 1                  ;
+----------------------------------------------------------------------------+--------------------+--------------------+


Parallel compilation was disabled, but you have multiple processors available. Enable parallel compilation to reduce compilation time.
+-------------------------------------+
; Parallel Compilation                ;
+----------------------------+--------+
; Processors                 ; Number ;
+----------------------------+--------+
; Number detected on machine ; 8      ;
; Maximum allowed            ; 1      ;
+----------------------------+--------+


+---------------------------------------------------------------------------------------------------------------------------------------------------------------------------------------------------------------------------------------+
; Analysis & Synthesis Source Files Read                                                                                                                                                                                                ;
+---------------------------------------------------------------------+-----------------+------------------------------------+------------------------------------------------------------------------------------------------+---------+
; File Name with User-Entered Path                                    ; Used in Netlist ; File Type                          ; File Name with Absolute Path                                                                   ; Library ;
+---------------------------------------------------------------------+-----------------+------------------------------------+------------------------------------------------------------------------------------------------+---------+
; ../../../../Desktop/code/Scripts Python/imagens/dist/mais3cores.mif ; yes             ; User Memory Initialization File    ; C:/Users/gusta/Desktop/code/Scripts Python/imagens/dist/mais3cores.mif                         ;         ;
; spi_transmissao_byte.vhd                                            ; yes             ; User VHDL File                     ; C:/Users/gusta/OneDrive/Documentos/Projetos_Quartus/display_cyclone_2/spi_transmissao_byte.vhd ;         ;
; memoria_para_display.vhd                                            ; yes             ; User VHDL File                     ; C:/Users/gusta/OneDrive/Documentos/Projetos_Quartus/display_cyclone_2/memoria_para_display.vhd ;         ;
; divisor.vhd                                                         ; yes             ; User VHDL File                     ; C:/Users/gusta/OneDrive/Documentos/Projetos_Quartus/display_cyclone_2/divisor.vhd              ;         ;
; comandos_sequencia.vhd                                              ; yes             ; User VHDL File                     ; C:/Users/gusta/OneDrive/Documentos/Projetos_Quartus/display_cyclone_2/comandos_sequencia.vhd   ;         ;
; top.bdf                                                             ; yes             ; User Block Diagram/Schematic File  ; C:/Users/gusta/OneDrive/Documentos/Projetos_Quartus/display_cyclone_2/top.bdf                  ;         ;
; principal.vhd                                                       ; yes             ; User VHDL File                     ; C:/Users/gusta/OneDrive/Documentos/Projetos_Quartus/display_cyclone_2/principal.vhd            ;         ;
; rom_imagem.vhd                                                      ; yes             ; User Wizard-Generated File         ; C:/Users/gusta/OneDrive/Documentos/Projetos_Quartus/display_cyclone_2/rom_imagem.vhd           ;         ;
; altsyncram.tdf                                                      ; yes             ; Megafunction                       ; c:/altera/13.0sp1/quartus/libraries/megafunctions/altsyncram.tdf                               ;         ;
; stratix_ram_block.inc                                               ; yes             ; Megafunction                       ; c:/altera/13.0sp1/quartus/libraries/megafunctions/stratix_ram_block.inc                        ;         ;
; lpm_mux.inc                                                         ; yes             ; Megafunction                       ; c:/altera/13.0sp1/quartus/libraries/megafunctions/lpm_mux.inc                                  ;         ;
; lpm_decode.inc                                                      ; yes             ; Megafunction                       ; c:/altera/13.0sp1/quartus/libraries/megafunctions/lpm_decode.inc                               ;         ;
; aglobal130.inc                                                      ; yes             ; Megafunction                       ; c:/altera/13.0sp1/quartus/libraries/megafunctions/aglobal130.inc                               ;         ;
; a_rdenreg.inc                                                       ; yes             ; Megafunction                       ; c:/altera/13.0sp1/quartus/libraries/megafunctions/a_rdenreg.inc                                ;         ;
; altrom.inc                                                          ; yes             ; Megafunction                       ; c:/altera/13.0sp1/quartus/libraries/megafunctions/altrom.inc                                   ;         ;
; altram.inc                                                          ; yes             ; Megafunction                       ; c:/altera/13.0sp1/quartus/libraries/megafunctions/altram.inc                                   ;         ;
; altdpram.inc                                                        ; yes             ; Megafunction                       ; c:/altera/13.0sp1/quartus/libraries/megafunctions/altdpram.inc                                 ;         ;
; db/altsyncram_k8c1.tdf                                              ; yes             ; Auto-Generated Megafunction        ; C:/Users/gusta/OneDrive/Documentos/Projetos_Quartus/display_cyclone_2/db/altsyncram_k8c1.tdf   ;         ;
; db/decode_1oa.tdf                                                   ; yes             ; Auto-Generated Megafunction        ; C:/Users/gusta/OneDrive/Documentos/Projetos_Quartus/display_cyclone_2/db/decode_1oa.tdf        ;         ;
; db/mux_2kb.tdf                                                      ; yes             ; Auto-Generated Megafunction        ; C:/Users/gusta/OneDrive/Documentos/Projetos_Quartus/display_cyclone_2/db/mux_2kb.tdf           ;         ;
; lpm_divide.tdf                                                      ; yes             ; Megafunction                       ; c:/altera/13.0sp1/quartus/libraries/megafunctions/lpm_divide.tdf                               ;         ;
; abs_divider.inc                                                     ; yes             ; Megafunction                       ; c:/altera/13.0sp1/quartus/libraries/megafunctions/abs_divider.inc                              ;         ;
; sign_div_unsign.inc                                                 ; yes             ; Megafunction                       ; c:/altera/13.0sp1/quartus/libraries/megafunctions/sign_div_unsign.inc                          ;         ;
; db/lpm_divide_nto.tdf                                               ; yes             ; Auto-Generated Megafunction        ; C:/Users/gusta/OneDrive/Documentos/Projetos_Quartus/display_cyclone_2/db/lpm_divide_nto.tdf    ;         ;
; db/abs_divider_4dg.tdf                                              ; yes             ; Auto-Generated Megafunction        ; C:/Users/gusta/OneDrive/Documentos/Projetos_Quartus/display_cyclone_2/db/abs_divider_4dg.tdf   ;         ;
; db/alt_u_div_k5f.tdf                                                ; yes             ; Auto-Generated Megafunction        ; C:/Users/gusta/OneDrive/Documentos/Projetos_Quartus/display_cyclone_2/db/alt_u_div_k5f.tdf     ;         ;
; db/add_sub_lkc.tdf                                                  ; yes             ; Auto-Generated Megafunction        ; C:/Users/gusta/OneDrive/Documentos/Projetos_Quartus/display_cyclone_2/db/add_sub_lkc.tdf       ;         ;
; db/add_sub_mkc.tdf                                                  ; yes             ; Auto-Generated Megafunction        ; C:/Users/gusta/OneDrive/Documentos/Projetos_Quartus/display_cyclone_2/db/add_sub_mkc.tdf       ;         ;
; db/lpm_abs_0s9.tdf                                                  ; yes             ; Auto-Generated Megafunction        ; C:/Users/gusta/OneDrive/Documentos/Projetos_Quartus/display_cyclone_2/db/lpm_abs_0s9.tdf       ;         ;
+---------------------------------------------------------------------+-----------------+------------------------------------+------------------------------------------------------------------------------------------------+---------+


+-----------------------------------------------------------------------------------------------+
; Analysis & Synthesis Resource Usage Summary                                                   ;
+---------------------------------------------+-------------------------------------------------+
; Resource                                    ; Usage                                           ;
+---------------------------------------------+-------------------------------------------------+
; Estimated Total logic elements              ; 1,373                                           ;
;                                             ;                                                 ;
; Total combinational functions               ; 1361                                            ;
; Logic element usage by number of LUT inputs ;                                                 ;
;     -- 4 input functions                    ; 317                                             ;
;     -- 3 input functions                    ; 473                                             ;
;     -- <=2 input functions                  ; 571                                             ;
;                                             ;                                                 ;
; Logic elements by mode                      ;                                                 ;
;     -- normal mode                          ; 828                                             ;
;     -- arithmetic mode                      ; 533                                             ;
;                                             ;                                                 ;
; Total registers                             ; 161                                             ;
;     -- Dedicated logic registers            ; 161                                             ;
;     -- I/O registers                        ; 0                                               ;
;                                             ;                                                 ;
; I/O pins                                    ; 7                                               ;
; Total memory bits                           ; 86400                                           ;
; Embedded Multiplier 9-bit elements          ; 0                                               ;
; Maximum fan-out node                        ; memoria_para_display:inst2|divisor:div0|s_clock ;
; Maximum fan-out                             ; 123                                             ;
; Total fan-out                               ; 4692                                            ;
; Average fan-out                             ; 3.00                                            ;
+---------------------------------------------+-------------------------------------------------+


+----------------------------------------------------------------------------------------------------------------------------------------------------------------------------------------------------------------------------------------------------------------------------------------------------+
; Analysis & Synthesis Resource Utilization by Entity                                                                                                                                                                                                                                                ;
+-------------------------------------------+-------------------+--------------+-------------+--------------+---------+-----------+------+--------------+-----------------------------------------------------------------------------------------------------------------------------+--------------+
; Compilation Hierarchy Node                ; LC Combinationals ; LC Registers ; Memory Bits ; DSP Elements ; DSP 9x9 ; DSP 18x18 ; Pins ; Virtual Pins ; Full Hierarchy Name                                                                                                         ; Library Name ;
+-------------------------------------------+-------------------+--------------+-------------+--------------+---------+-----------+------+--------------+-----------------------------------------------------------------------------------------------------------------------------+--------------+
; |top                                      ; 1361 (0)          ; 161 (0)      ; 86400       ; 0            ; 0       ; 0         ; 7    ; 0            ; |top                                                                                                                        ; work         ;
;    |comandos_sequencia:inst|              ; 38 (21)           ; 33 (16)      ; 0           ; 0            ; 0       ; 0         ; 0    ; 0            ; |top|comandos_sequencia:inst                                                                                                ; work         ;
;       |spi_transmissao_byte:spi0|         ; 17 (14)           ; 17 (14)      ; 0           ; 0            ; 0       ; 0         ; 0    ; 0            ; |top|comandos_sequencia:inst|spi_transmissao_byte:spi0                                                                      ; work         ;
;          |divisor:div0|                   ; 3 (3)             ; 3 (3)        ; 0           ; 0            ; 0       ; 0         ; 0    ; 0            ; |top|comandos_sequencia:inst|spi_transmissao_byte:spi0|divisor:div0                                                         ; work         ;
;    |memoria_para_display:inst2|           ; 1305 (283)        ; 126 (124)    ; 0           ; 0            ; 0       ; 0         ; 0    ; 0            ; |top|memoria_para_display:inst2                                                                                             ; work         ;
;       |divisor:div0|                      ; 2 (2)             ; 2 (2)        ; 0           ; 0            ; 0       ; 0         ; 0    ; 0            ; |top|memoria_para_display:inst2|divisor:div0                                                                                ; work         ;
;       |lpm_divide:Div1|                   ; 525 (0)           ; 0 (0)        ; 0           ; 0            ; 0       ; 0         ; 0    ; 0            ; |top|memoria_para_display:inst2|lpm_divide:Div1                                                                             ; work         ;
;          |lpm_divide_nto:auto_generated|  ; 525 (0)           ; 0 (0)        ; 0           ; 0            ; 0       ; 0         ; 0    ; 0            ; |top|memoria_para_display:inst2|lpm_divide:Div1|lpm_divide_nto:auto_generated                                               ; work         ;
;             |abs_divider_4dg:divider|     ; 525 (0)           ; 0 (0)        ; 0           ; 0            ; 0       ; 0         ; 0    ; 0            ; |top|memoria_para_display:inst2|lpm_divide:Div1|lpm_divide_nto:auto_generated|abs_divider_4dg:divider                       ; work         ;
;                |alt_u_div_k5f:divider|    ; 525 (525)         ; 0 (0)        ; 0           ; 0            ; 0       ; 0         ; 0    ; 0            ; |top|memoria_para_display:inst2|lpm_divide:Div1|lpm_divide_nto:auto_generated|abs_divider_4dg:divider|alt_u_div_k5f:divider ; work         ;
;       |lpm_divide:Div2|                   ; 495 (0)           ; 0 (0)        ; 0           ; 0            ; 0       ; 0         ; 0    ; 0            ; |top|memoria_para_display:inst2|lpm_divide:Div2                                                                             ; work         ;
;          |lpm_divide_nto:auto_generated|  ; 495 (0)           ; 0 (0)        ; 0           ; 0            ; 0       ; 0         ; 0    ; 0            ; |top|memoria_para_display:inst2|lpm_divide:Div2|lpm_divide_nto:auto_generated                                               ; work         ;
;             |abs_divider_4dg:divider|     ; 495 (0)           ; 0 (0)        ; 0           ; 0            ; 0       ; 0         ; 0    ; 0            ; |top|memoria_para_display:inst2|lpm_divide:Div2|lpm_divide_nto:auto_generated|abs_divider_4dg:divider                       ; work         ;
;                |alt_u_div_k5f:divider|    ; 495 (495)         ; 0 (0)        ; 0           ; 0            ; 0       ; 0         ; 0    ; 0            ; |top|memoria_para_display:inst2|lpm_divide:Div2|lpm_divide_nto:auto_generated|abs_divider_4dg:divider|alt_u_div_k5f:divider ; work         ;
;    |principal:inst5|                      ; 6 (6)             ; 0 (0)        ; 0           ; 0            ; 0       ; 0         ; 0    ; 0            ; |top|principal:inst5                                                                                                        ; work         ;
;    |rom_imagem:inst3|                     ; 12 (0)            ; 2 (0)        ; 86400       ; 0            ; 0       ; 0         ; 0    ; 0            ; |top|rom_imagem:inst3                                                                                                       ; work         ;
;       |altsyncram:altsyncram_component|   ; 12 (0)            ; 2 (0)        ; 86400       ; 0            ; 0       ; 0         ; 0    ; 0            ; |top|rom_imagem:inst3|altsyncram:altsyncram_component                                                                       ; work         ;
;          |altsyncram_k8c1:auto_generated| ; 12 (0)            ; 2 (2)        ; 86400       ; 0            ; 0       ; 0         ; 0    ; 0            ; |top|rom_imagem:inst3|altsyncram:altsyncram_component|altsyncram_k8c1:auto_generated                                        ; work         ;
;             |mux_2kb:mux2|                ; 12 (12)           ; 0 (0)        ; 0           ; 0            ; 0       ; 0         ; 0    ; 0            ; |top|rom_imagem:inst3|altsyncram:altsyncram_component|altsyncram_k8c1:auto_generated|mux_2kb:mux2                           ; work         ;
+-------------------------------------------+-------------------+--------------+-------------+--------------+---------+-----------+------+--------------+-----------------------------------------------------------------------------------------------------------------------------+--------------+
Note: For table entries with two numbers listed, the numbers in parentheses indicate the number of resources of the given type used by the specific entity alone. The numbers listed outside of parentheses indicate the total resources of the given type used by the specific entity and all of its sub-entities in the hierarchy.


+-------------------------------------------------------------------------------------------------------------------------------------------------------------------------------------------------------------------------------------------------------+
; Analysis & Synthesis RAM Summary                                                                                                                                                                                                                      ;
+--------------------------------------------------------------------------------------------+------+------+--------------+--------------+--------------+--------------+-------+------------------------------------------------------------------------+
; Name                                                                                       ; Type ; Mode ; Port A Depth ; Port A Width ; Port B Depth ; Port B Width ; Size  ; MIF                                                                    ;
+--------------------------------------------------------------------------------------------+------+------+--------------+--------------+--------------+--------------+-------+------------------------------------------------------------------------+
; rom_imagem:inst3|altsyncram:altsyncram_component|altsyncram_k8c1:auto_generated|ALTSYNCRAM ; AUTO ; ROM  ; 4800         ; 18           ; --           ; --           ; 86400 ; ../../../../../Desktop/code/Scripts Python/imagens/dist/mais3cores.mif ;
+--------------------------------------------------------------------------------------------+------+------+--------------+--------------+--------------+--------------+-------+------------------------------------------------------------------------+


+------------------------------------------------------------------------------------------------------------------------------------------------------------------------------+
; Analysis & Synthesis IP Cores Summary                                                                                                                                        ;
+--------+--------------+---------+--------------+--------------+-----------------------+--------------------------------------------------------------------------------------+
; Vendor ; IP Core Name ; Version ; Release Date ; License Type ; Entity Instance       ; IP Include File                                                                      ;
+--------+--------------+---------+--------------+--------------+-----------------------+--------------------------------------------------------------------------------------+
; Altera ; ROM: 1-PORT  ; 13.0    ; N/A          ; N/A          ; |top|rom_imagem:inst3 ; C:/Users/gusta/OneDrive/Documentos/Projetos_Quartus/display_cyclone_2/rom_imagem.vhd ;
+--------+--------------+---------+--------------+--------------+-----------------------+--------------------------------------------------------------------------------------+


+----------------------------------------------------------------------------------------------------------------------------------------+
; Registers Removed During Synthesis                                                                                                     ;
+---------------------------------------------------------------------+------------------------------------------------------------------+
; Register name                                                       ; Reason for Removal                                               ;
+---------------------------------------------------------------------+------------------------------------------------------------------+
; comandos_sequencia:inst|command_to_send[7]                          ; Stuck at GND due to stuck port data_in                           ;
; comandos_sequencia:inst|spi_transmissao_byte:spi0|cmd[7]            ; Stuck at GND due to stuck port data_in                           ;
; comandos_sequencia:inst|spi_transmissao_byte:spi0|sck_on            ; Merged with comandos_sequencia:inst|spi_transmissao_byte:spi0|cs ;
; comandos_sequencia:inst|spi_transmissao_byte:spi0|\comando:count[3] ; Merged with comandos_sequencia:inst|spi_transmissao_byte:spi0|cs ;
; Total Number of Removed Registers = 4                               ;                                                                  ;
+---------------------------------------------------------------------+------------------------------------------------------------------+


+-----------------------------------------------------------------------------------------------------------------------------------+
; Removed Registers Triggering Further Register Optimizations                                                                       ;
+--------------------------------------------+---------------------------+----------------------------------------------------------+
; Register name                              ; Reason for Removal        ; Registers Removed due to This Register                   ;
+--------------------------------------------+---------------------------+----------------------------------------------------------+
; comandos_sequencia:inst|command_to_send[7] ; Stuck at GND              ; comandos_sequencia:inst|spi_transmissao_byte:spi0|cmd[7] ;
;                                            ; due to stuck port data_in ;                                                          ;
+--------------------------------------------+---------------------------+----------------------------------------------------------+


+------------------------------------------------------+
; General Register Statistics                          ;
+----------------------------------------------+-------+
; Statistic                                    ; Value ;
+----------------------------------------------+-------+
; Total registers                              ; 161   ;
; Number of registers using Synchronous Clear  ; 18    ;
; Number of registers using Synchronous Load   ; 0     ;
; Number of registers using Asynchronous Clear ; 1     ;
; Number of registers using Asynchronous Load  ; 0     ;
; Number of registers using Clock Enable       ; 143   ;
; Number of registers using Preset             ; 0     ;
+----------------------------------------------+-------+


+-------------------------------------------------------------------------------+
; Inverted Register Statistics                                                  ;
+---------------------------------------------------------------------+---------+
; Inverted Register                                                   ; Fan out ;
+---------------------------------------------------------------------+---------+
; comandos_sequencia:inst|spi_transmissao_byte:spi0|estados           ; 15      ;
; comandos_sequencia:inst|spi_transmissao_byte:spi0|cs                ; 9       ;
; memoria_para_display:inst2|\enviar_comando_inicial:conta_comando[3] ; 2       ;
; comandos_sequencia:inst|btn_on                                      ; 12      ;
; comandos_sequencia:inst|\troca_comando:count[3]                     ; 10      ;
; comandos_sequencia:inst|\troca_comando:count[2]                     ; 12      ;
; comandos_sequencia:inst|\troca_comando:count[0]                     ; 12      ;
; memoria_para_display:inst2|\enviar_pixels:conta_byte[0]             ; 5       ;
; memoria_para_display:inst2|\enviar_pixels:conta_local[3]            ; 2       ;
; Total number of inverted registers = 9                              ;         ;
+---------------------------------------------------------------------+---------+


+--------------------------------------------------------------------------------------------------------+
; Source assignments for rom_imagem:inst3|altsyncram:altsyncram_component|altsyncram_k8c1:auto_generated ;
+---------------------------------+--------------------+------+------------------------------------------+
; Assignment                      ; Value              ; From ; To                                       ;
+---------------------------------+--------------------+------+------------------------------------------+
; OPTIMIZE_POWER_DURING_SYNTHESIS ; NORMAL_COMPILATION ; -    ; -                                        ;
+---------------------------------+--------------------+------+------------------------------------------+


+----------------------------------------------------------------------+
; Parameter Settings for User Entity Instance: comandos_sequencia:inst ;
+----------------------+----------+------------------------------------+
; Parameter Name       ; Value    ; Type                               ;
+----------------------+----------+------------------------------------+
; spi_master_clock_in  ; 27000000 ; Signed Integer                     ;
; spi_master_clock_out ; 13500000 ; Signed Integer                     ;
+----------------------+----------+------------------------------------+
Note: In order to hide this table in the UI and the text report file, please set the "Show Parameter Settings in Synthesis Report" option in "Analysis and Synthesis Settings -> More Settings" to "Off".


+------------------------------------------------------------------------------------------------+
; Parameter Settings for User Entity Instance: comandos_sequencia:inst|spi_transmissao_byte:spi0 ;
+----------------+----------+--------------------------------------------------------------------+
; Parameter Name ; Value    ; Type                                                               ;
+----------------+----------+--------------------------------------------------------------------+
; clock_in       ; 27000000 ; Signed Integer                                                     ;
; clock_out      ; 13500000 ; Signed Integer                                                     ;
+----------------+----------+--------------------------------------------------------------------+
Note: In order to hide this table in the UI and the text report file, please set the "Show Parameter Settings in Synthesis Report" option in "Analysis and Synthesis Settings -> More Settings" to "Off".


+-------------------------------------------------------------------------------------------------------------+
; Parameter Settings for User Entity Instance: comandos_sequencia:inst|spi_transmissao_byte:spi0|divisor:div0 ;
+----------------+----------+---------------------------------------------------------------------------------+
; Parameter Name ; Value    ; Type                                                                            ;
+----------------+----------+---------------------------------------------------------------------------------+
; input_clock    ; 27000000 ; Signed Integer                                                                  ;
; output_clock   ; 13500000 ; Signed Integer                                                                  ;
+----------------+----------+---------------------------------------------------------------------------------+
Note: In order to hide this table in the UI and the text report file, please set the "Show Parameter Settings in Synthesis Report" option in "Analysis and Synthesis Settings -> More Settings" to "Off".


+-------------------------------------------------------------------------+
; Parameter Settings for User Entity Instance: memoria_para_display:inst2 ;
+------------------+----------+-------------------------------------------+
; Parameter Name   ; Value    ; Type                                      ;
+------------------+----------+-------------------------------------------+
; spi_input_clock  ; 50000000 ; Signed Integer                            ;
; spi_output_clock ; 10000000 ; Signed Integer                            ;
+------------------+----------+-------------------------------------------+
Note: In order to hide this table in the UI and the text report file, please set the "Show Parameter Settings in Synthesis Report" option in "Analysis and Synthesis Settings -> More Settings" to "Off".


+--------------------------------------------------------------------------------------+
; Parameter Settings for User Entity Instance: memoria_para_display:inst2|divisor:div0 ;
+----------------+----------+----------------------------------------------------------+
; Parameter Name ; Value    ; Type                                                     ;
+----------------+----------+----------------------------------------------------------+
; input_clock    ; 50000000 ; Signed Integer                                           ;
; output_clock   ; 50000000 ; Signed Integer                                           ;
+----------------+----------+----------------------------------------------------------+
Note: In order to hide this table in the UI and the text report file, please set the "Show Parameter Settings in Synthesis Report" option in "Analysis and Synthesis Settings -> More Settings" to "Off".


+------------------------------------------------------------------------------------------------------------------------------+
; Parameter Settings for User Entity Instance: rom_imagem:inst3|altsyncram:altsyncram_component                                ;
+------------------------------------+------------------------------------------------------------------------+----------------+
; Parameter Name                     ; Value                                                                  ; Type           ;
+------------------------------------+------------------------------------------------------------------------+----------------+
; BYTE_SIZE_BLOCK                    ; 8                                                                      ; Untyped        ;
; AUTO_CARRY_CHAINS                  ; ON                                                                     ; AUTO_CARRY     ;
; IGNORE_CARRY_BUFFERS               ; OFF                                                                    ; IGNORE_CARRY   ;
; AUTO_CASCADE_CHAINS                ; ON                                                                     ; AUTO_CASCADE   ;
; IGNORE_CASCADE_BUFFERS             ; OFF                                                                    ; IGNORE_CASCADE ;
; WIDTH_BYTEENA                      ; 1                                                                      ; Untyped        ;
; OPERATION_MODE                     ; ROM                                                                    ; Untyped        ;
; WIDTH_A                            ; 18                                                                     ; Signed Integer ;
; WIDTHAD_A                          ; 13                                                                     ; Signed Integer ;
; NUMWORDS_A                         ; 4800                                                                   ; Signed Integer ;
; OUTDATA_REG_A                      ; CLOCK0                                                                 ; Untyped        ;
; ADDRESS_ACLR_A                     ; NONE                                                                   ; Untyped        ;
; OUTDATA_ACLR_A                     ; NONE                                                                   ; Untyped        ;
; WRCONTROL_ACLR_A                   ; NONE                                                                   ; Untyped        ;
; INDATA_ACLR_A                      ; NONE                                                                   ; Untyped        ;
; BYTEENA_ACLR_A                     ; NONE                                                                   ; Untyped        ;
; WIDTH_B                            ; 1                                                                      ; Untyped        ;
; WIDTHAD_B                          ; 1                                                                      ; Untyped        ;
; NUMWORDS_B                         ; 1                                                                      ; Untyped        ;
; INDATA_REG_B                       ; CLOCK1                                                                 ; Untyped        ;
; WRCONTROL_WRADDRESS_REG_B          ; CLOCK1                                                                 ; Untyped        ;
; RDCONTROL_REG_B                    ; CLOCK1                                                                 ; Untyped        ;
; ADDRESS_REG_B                      ; CLOCK1                                                                 ; Untyped        ;
; OUTDATA_REG_B                      ; UNREGISTERED                                                           ; Untyped        ;
; BYTEENA_REG_B                      ; CLOCK1                                                                 ; Untyped        ;
; INDATA_ACLR_B                      ; NONE                                                                   ; Untyped        ;
; WRCONTROL_ACLR_B                   ; NONE                                                                   ; Untyped        ;
; ADDRESS_ACLR_B                     ; NONE                                                                   ; Untyped        ;
; OUTDATA_ACLR_B                     ; NONE                                                                   ; Untyped        ;
; RDCONTROL_ACLR_B                   ; NONE                                                                   ; Untyped        ;
; BYTEENA_ACLR_B                     ; NONE                                                                   ; Untyped        ;
; WIDTH_BYTEENA_A                    ; 1                                                                      ; Signed Integer ;
; WIDTH_BYTEENA_B                    ; 1                                                                      ; Untyped        ;
; RAM_BLOCK_TYPE                     ; AUTO                                                                   ; Untyped        ;
; BYTE_SIZE                          ; 8                                                                      ; Untyped        ;
; READ_DURING_WRITE_MODE_MIXED_PORTS ; DONT_CARE                                                              ; Untyped        ;
; READ_DURING_WRITE_MODE_PORT_A      ; NEW_DATA_NO_NBE_READ                                                   ; Untyped        ;
; READ_DURING_WRITE_MODE_PORT_B      ; NEW_DATA_NO_NBE_READ                                                   ; Untyped        ;
; INIT_FILE                          ; ../../../../../Desktop/code/Scripts Python/imagens/dist/mais3cores.mif ; Untyped        ;
; INIT_FILE_LAYOUT                   ; PORT_A                                                                 ; Untyped        ;
; MAXIMUM_DEPTH                      ; 0                                                                      ; Untyped        ;
; CLOCK_ENABLE_INPUT_A               ; BYPASS                                                                 ; Untyped        ;
; CLOCK_ENABLE_INPUT_B               ; NORMAL                                                                 ; Untyped        ;
; CLOCK_ENABLE_OUTPUT_A              ; BYPASS                                                                 ; Untyped        ;
; CLOCK_ENABLE_OUTPUT_B              ; NORMAL                                                                 ; Untyped        ;
; CLOCK_ENABLE_CORE_A                ; USE_INPUT_CLKEN                                                        ; Untyped        ;
; CLOCK_ENABLE_CORE_B                ; USE_INPUT_CLKEN                                                        ; Untyped        ;
; ENABLE_ECC                         ; FALSE                                                                  ; Untyped        ;
; ECC_PIPELINE_STAGE_ENABLED         ; FALSE                                                                  ; Untyped        ;
; WIDTH_ECCSTATUS                    ; 3                                                                      ; Untyped        ;
; DEVICE_FAMILY                      ; Cyclone II                                                             ; Untyped        ;
; CBXI_PARAMETER                     ; altsyncram_k8c1                                                        ; Untyped        ;
+------------------------------------+------------------------------------------------------------------------+----------------+
Note: In order to hide this table in the UI and the text report file, please set the "Show Parameter Settings in Synthesis Report" option in "Analysis and Synthesis Settings -> More Settings" to "Off".


+---------------------------------------------------------------------------------------------+
; Parameter Settings for Inferred Entity Instance: memoria_para_display:inst2|lpm_divide:Div1 ;
+------------------------+----------------+---------------------------------------------------+
; Parameter Name         ; Value          ; Type                                              ;
+------------------------+----------------+---------------------------------------------------+
; LPM_WIDTHN             ; 32             ; Untyped                                           ;
; LPM_WIDTHD             ; 32             ; Untyped                                           ;
; LPM_NREPRESENTATION    ; SIGNED         ; Untyped                                           ;
; LPM_DREPRESENTATION    ; SIGNED         ; Untyped                                           ;
; LPM_PIPELINE           ; 0              ; Untyped                                           ;
; LPM_REMAINDERPOSITIVE  ; FALSE          ; Untyped                                           ;
; MAXIMIZE_SPEED         ; 5              ; Untyped                                           ;
; CBXI_PARAMETER         ; lpm_divide_nto ; Untyped                                           ;
; CARRY_CHAIN            ; MANUAL         ; Untyped                                           ;
; OPTIMIZE_FOR_SPEED     ; 5              ; Untyped                                           ;
; AUTO_CARRY_CHAINS      ; ON             ; AUTO_CARRY                                        ;
; IGNORE_CARRY_BUFFERS   ; OFF            ; IGNORE_CARRY                                      ;
; AUTO_CASCADE_CHAINS    ; ON             ; AUTO_CASCADE                                      ;
; IGNORE_CASCADE_BUFFERS ; OFF            ; IGNORE_CASCADE                                    ;
+------------------------+----------------+---------------------------------------------------+
Note: In order to hide this table in the UI and the text report file, please set the "Show Parameter Settings in Synthesis Report" option in "Analysis and Synthesis Settings -> More Settings" to "Off".


+---------------------------------------------------------------------------------------------+
; Parameter Settings for Inferred Entity Instance: memoria_para_display:inst2|lpm_divide:Div2 ;
+------------------------+----------------+---------------------------------------------------+
; Parameter Name         ; Value          ; Type                                              ;
+------------------------+----------------+---------------------------------------------------+
; LPM_WIDTHN             ; 32             ; Untyped                                           ;
; LPM_WIDTHD             ; 32             ; Untyped                                           ;
; LPM_NREPRESENTATION    ; SIGNED         ; Untyped                                           ;
; LPM_DREPRESENTATION    ; SIGNED         ; Untyped                                           ;
; LPM_PIPELINE           ; 0              ; Untyped                                           ;
; LPM_REMAINDERPOSITIVE  ; FALSE          ; Untyped                                           ;
; MAXIMIZE_SPEED         ; 5              ; Untyped                                           ;
; CBXI_PARAMETER         ; lpm_divide_nto ; Untyped                                           ;
; CARRY_CHAIN            ; MANUAL         ; Untyped                                           ;
; OPTIMIZE_FOR_SPEED     ; 5              ; Untyped                                           ;
; AUTO_CARRY_CHAINS      ; ON             ; AUTO_CARRY                                        ;
; IGNORE_CARRY_BUFFERS   ; OFF            ; IGNORE_CARRY                                      ;
; AUTO_CASCADE_CHAINS    ; ON             ; AUTO_CASCADE                                      ;
; IGNORE_CASCADE_BUFFERS ; OFF            ; IGNORE_CASCADE                                    ;
+------------------------+----------------+---------------------------------------------------+
Note: In order to hide this table in the UI and the text report file, please set the "Show Parameter Settings in Synthesis Report" option in "Analysis and Synthesis Settings -> More Settings" to "Off".


+----------------------------------------------------------------------------------------------+
; altsyncram Parameter Settings by Entity Instance                                             ;
+-------------------------------------------+--------------------------------------------------+
; Name                                      ; Value                                            ;
+-------------------------------------------+--------------------------------------------------+
; Number of entity instances                ; 1                                                ;
; Entity Instance                           ; rom_imagem:inst3|altsyncram:altsyncram_component ;
;     -- OPERATION_MODE                     ; ROM                                              ;
;     -- WIDTH_A                            ; 18                                               ;
;     -- NUMWORDS_A                         ; 4800                                             ;
;     -- OUTDATA_REG_A                      ; CLOCK0                                           ;
;     -- WIDTH_B                            ; 1                                                ;
;     -- NUMWORDS_B                         ; 1                                                ;
;     -- ADDRESS_REG_B                      ; CLOCK1                                           ;
;     -- OUTDATA_REG_B                      ; UNREGISTERED                                     ;
;     -- RAM_BLOCK_TYPE                     ; AUTO                                             ;
;     -- READ_DURING_WRITE_MODE_MIXED_PORTS ; DONT_CARE                                        ;
+-------------------------------------------+--------------------------------------------------+


+------------------------------------------------------------------------------------------------------------------+
; Port Connectivity Checks: "comandos_sequencia:inst|spi_transmissao_byte:spi0"                                    ;
+--------+--------+----------+-------------------------------------------------------------------------------------+
; Port   ; Type   ; Severity ; Details                                                                             ;
+--------+--------+----------+-------------------------------------------------------------------------------------+
; reset  ; Output ; Info     ; Connected to dangling logic. Logic that only feeds a dangling port will be removed. ;
; enable ; Input  ; Info     ; Stuck at VCC                                                                        ;
+--------+--------+----------+-------------------------------------------------------------------------------------+


+-------------------------------+
; Elapsed Time Per Partition    ;
+----------------+--------------+
; Partition Name ; Elapsed Time ;
+----------------+--------------+
; Top            ; 00:00:02     ;
+----------------+--------------+


+--------------------------------+
; Analysis & Synthesis Equations ;
+--------------------------------+
The equations can be found in C:/Users/gusta/OneDrive/Documentos/Projetos_Quartus/display_cyclone_2/output_files/display_cyclone_2.map.eqn.


+-------------------------------+
; Analysis & Synthesis Messages ;
+-------------------------------+
Info: *******************************************************************
Info: Running Quartus II 64-Bit Analysis & Synthesis
    Info: Version 13.0.1 Build 232 06/12/2013 Service Pack 1 SJ Web Edition
    Info: Processing started: Fri Dec 16 12:23:28 2022
Info: Command: quartus_map --read_settings_files=on --write_settings_files=off display_cyclone_2 -c display_cyclone_2
Warning (20028): Parallel compilation is not licensed and has been disabled
Info (12021): Found 2 design units, including 1 entities, in source file spi_transmissao_byte.vhd
    Info (12022): Found design unit 1: spi_transmissao_byte-rtl
    Info (12023): Found entity 1: spi_transmissao_byte
Info (12021): Found 2 design units, including 1 entities, in source file memoria_para_display.vhd
    Info (12022): Found design unit 1: memoria_para_display-rtl_flash
    Info (12023): Found entity 1: memoria_para_display
Info (12021): Found 2 design units, including 1 entities, in source file divisor.vhd
    Info (12022): Found design unit 1: divisor-rtl
    Info (12023): Found entity 1: divisor
Info (12021): Found 2 design units, including 1 entities, in source file comandos_sequencia.vhd
    Info (12022): Found design unit 1: comandos_sequencia-rtl
    Info (12023): Found entity 1: comandos_sequencia
Info (12021): Found 1 design units, including 1 entities, in source file top.bdf
    Info (12023): Found entity 1: top
Info (12021): Found 2 design units, including 1 entities, in source file lpm_counter0.vhd
    Info (12022): Found design unit 1: lpm_counter0-SYN
    Info (12023): Found entity 1: lpm_counter0
Info (12021): Found 2 design units, including 1 entities, in source file lpm_compare0.vhd
    Info (12022): Found design unit 1: lpm_compare0-SYN
    Info (12023): Found entity 1: lpm_compare0
Info (12021): Found 2 design units, including 1 entities, in source file principal.vhd
    Info (12022): Found design unit 1: principal-rtl
    Info (12023): Found entity 1: principal
Info (12021): Found 2 design units, including 1 entities, in source file rom_imagem.vhd
    Info (12022): Found design unit 1: rom_imagem-SYN
    Info (12023): Found entity 1: rom_imagem
Info (12127): Elaborating entity "top" for the top level hierarchy
Info (12128): Elaborating entity "principal" for hierarchy "principal:inst5"
Info (12128): Elaborating entity "comandos_sequencia" for hierarchy "comandos_sequencia:inst"
Info (12128): Elaborating entity "spi_transmissao_byte" for hierarchy "comandos_sequencia:inst|spi_transmissao_byte:spi0"
Warning (10541): VHDL Signal Declaration warning at spi_transmissao_byte.vhd(10): used implicit default value for signal "reset" because signal was never assigned a value or an explicit default value. Use of implicit default value may introduce unintended design optimizations.
Info (12128): Elaborating entity "divisor" for hierarchy "comandos_sequencia:inst|spi_transmissao_byte:spi0|divisor:div0"
Info (12128): Elaborating entity "memoria_para_display" for hierarchy "memoria_para_display:inst2"
Info (12128): Elaborating entity "divisor" for hierarchy "memoria_para_display:inst2|divisor:div0"
Info (12128): Elaborating entity "rom_imagem" for hierarchy "rom_imagem:inst3"
Info (12128): Elaborating entity "altsyncram" for hierarchy "rom_imagem:inst3|altsyncram:altsyncram_component"
Info (12130): Elaborated megafunction instantiation "rom_imagem:inst3|altsyncram:altsyncram_component"
Info (12133): Instantiated megafunction "rom_imagem:inst3|altsyncram:altsyncram_component" with the following parameter:
    Info (12134): Parameter "clock_enable_input_a" = "BYPASS"
    Info (12134): Parameter "clock_enable_output_a" = "BYPASS"
    Info (12134): Parameter "init_file" = "../../../../../Desktop/code/Scripts Python/imagens/dist/mais3cores.mif"
    Info (12134): Parameter "intended_device_family" = "Cyclone II"
    Info (12134): Parameter "lpm_hint" = "ENABLE_RUNTIME_MOD=NO"
    Info (12134): Parameter "lpm_type" = "altsyncram"
    Info (12134): Parameter "numwords_a" = "4800"
    Info (12134): Parameter "operation_mode" = "ROM"
    Info (12134): Parameter "outdata_aclr_a" = "NONE"
    Info (12134): Parameter "outdata_reg_a" = "CLOCK0"
    Info (12134): Parameter "widthad_a" = "13"
    Info (12134): Parameter "width_a" = "18"
    Info (12134): Parameter "width_byteena_a" = "1"
Info (12021): Found 1 design units, including 1 entities, in source file db/altsyncram_k8c1.tdf
    Info (12023): Found entity 1: altsyncram_k8c1
Info (12128): Elaborating entity "altsyncram_k8c1" for hierarchy "rom_imagem:inst3|altsyncram:altsyncram_component|altsyncram_k8c1:auto_generated"
Info (12021): Found 1 design units, including 1 entities, in source file db/decode_1oa.tdf
    Info (12023): Found entity 1: decode_1oa
Info (12128): Elaborating entity "decode_1oa" for hierarchy "rom_imagem:inst3|altsyncram:altsyncram_component|altsyncram_k8c1:auto_generated|decode_1oa:deep_decode"
Info (12021): Found 1 design units, including 1 entities, in source file db/mux_2kb.tdf
    Info (12023): Found entity 1: mux_2kb
Info (12128): Elaborating entity "mux_2kb" for hierarchy "rom_imagem:inst3|altsyncram:altsyncram_component|altsyncram_k8c1:auto_generated|mux_2kb:mux2"
Warning (13046): Tri-state node(s) do not directly drive top-level pin(s)
    Warning (13049): Converted tri-state buffer "comandos_sequencia:inst|spi_transmissao_byte:spi0|mosi" feeding internal logic into a wire
Info (278001): Inferred 2 megafunctions from design logic
    Info (278004): Inferred divider/modulo megafunction ("lpm_divide") from the following logic: "memoria_para_display:inst2|Div1"
    Info (278004): Inferred divider/modulo megafunction ("lpm_divide") from the following logic: "memoria_para_display:inst2|Div2"
Info (12130): Elaborated megafunction instantiation "memoria_para_display:inst2|lpm_divide:Div1"
Info (12133): Instantiated megafunction "memoria_para_display:inst2|lpm_divide:Div1" with the following parameter:
    Info (12134): Parameter "LPM_WIDTHN" = "32"
    Info (12134): Parameter "LPM_WIDTHD" = "32"
    Info (12134): Parameter "LPM_NREPRESENTATION" = "SIGNED"
    Info (12134): Parameter "LPM_DREPRESENTATION" = "SIGNED"
    Info (12134): Parameter "LPM_HINT" = "LPM_REMAINDERPOSITIVE=FALSE"
Info (12021): Found 1 design units, including 1 entities, in source file db/lpm_divide_nto.tdf
    Info (12023): Found entity 1: lpm_divide_nto
Info (12021): Found 1 design units, including 1 entities, in source file db/abs_divider_4dg.tdf
    Info (12023): Found entity 1: abs_divider_4dg
Info (12021): Found 1 design units, including 1 entities, in source file db/alt_u_div_k5f.tdf
    Info (12023): Found entity 1: alt_u_div_k5f
Info (12021): Found 1 design units, including 1 entities, in source file db/add_sub_lkc.tdf
    Info (12023): Found entity 1: add_sub_lkc
Info (12021): Found 1 design units, including 1 entities, in source file db/add_sub_mkc.tdf
    Info (12023): Found entity 1: add_sub_mkc
Info (12021): Found 1 design units, including 1 entities, in source file db/lpm_abs_0s9.tdf
    Info (12023): Found entity 1: lpm_abs_0s9
Info (12130): Elaborated megafunction instantiation "memoria_para_display:inst2|lpm_divide:Div2"
Info (12133): Instantiated megafunction "memoria_para_display:inst2|lpm_divide:Div2" with the following parameter:
    Info (12134): Parameter "LPM_WIDTHN" = "32"
    Info (12134): Parameter "LPM_WIDTHD" = "32"
    Info (12134): Parameter "LPM_NREPRESENTATION" = "SIGNED"
    Info (12134): Parameter "LPM_DREPRESENTATION" = "SIGNED"
    Info (12134): Parameter "LPM_HINT" = "LPM_REMAINDERPOSITIVE=FALSE"
Info (13000): Registers with preset signals will power-up high
Info (13003): DEV_CLRn pin will set, and not reset, register with preset signal due to NOT Gate Push-Back
Critical Warning (18061): Ignored Power-Up Level option on the following registers
    Critical Warning (18010): Register comandos_sequencia:inst|spi_transmissao_byte:spi0|estados will power up to High
Info (16010): Generating hard_block partition "hard_block:auto_generated_inst"
    Info (16011): Adding 0 node(s), including 0 DDIO, 0 PLL, 0 transceiver and 0 LCELL
Info (21057): Implemented 1423 device resources after synthesis - the final resource count might be different
    Info (21058): Implemented 2 input pins
    Info (21059): Implemented 5 output pins
    Info (21061): Implemented 1380 logic cells
    Info (21064): Implemented 36 RAM segments
Info: Quartus II 64-Bit Analysis & Synthesis was successful. 0 errors, 6 warnings
    Info: Peak virtual memory: 4701 megabytes
    Info: Processing ended: Fri Dec 16 12:23:34 2022
    Info: Elapsed time: 00:00:06
    Info: Total CPU time (on all processors): 00:00:05


